The target system is: Generic -  - 
The host system is: Linux - 6.8.0-50-generic - x86_64
Compiling the C compiler identification source file "CMakeCCompilerId.c" succeeded.
Compiler: /home/santos/esp5.1.2/.espressif/tools/xtensa-esp32s3-elf/esp-12.2.0_20230208/xtensa-esp32s3-elf/bin/xtensa-esp32s3-elf-gcc 
Build flags: -mlongcalls;
Id flags:  

The output was:
0


Compilation of the C compiler identification source "CMakeCCompilerId.c" produced "a.out"

The C compiler identification is GNU, found in "/home/santos/Documents/stlab/esp32s3/build/bootloader/CMakeFiles/3.22.1/CompilerIdC/a.out"

Compiling the CXX compiler identification source file "CMakeCXXCompilerId.cpp" succeeded.
Compiler: /home/santos/esp5.1.2/.espressif/tools/xtensa-esp32s3-elf/esp-12.2.0_20230208/xtensa-esp32s3-elf/bin/xtensa-esp32s3-elf-g++ 
Build flags: -mlongcalls;
Id flags:  

The output was:
0


Compilation of the CXX compiler identification source "CMakeCXXCompilerId.cpp" produced "a.out"

The CXX compiler identification is GNU, found in "/home/santos/Documents/stlab/esp32s3/build/bootloader/CMakeFiles/3.22.1/CompilerIdCXX/a.out"

Checking whether the ASM compiler is GNU using "--version" matched "(GNU assembler)|(GCC)|(Free Software Foundation)":
xtensa-esp32s3-elf-gcc (crosstool-NG esp-12.2.0_20230208) 12.2.0
Copyright (C) 2022 Free Software Foundation, Inc.
This is free software; see the source for copying conditions.  There is NO
warranty; not even for MERCHANTABILITY or FITNESS FOR A PARTICULAR PURPOSE.

Detecting C compiler ABI info compiled with the following output:
Change Dir: /home/santos/Documents/stlab/esp32s3/build/bootloader/CMakeFiles/CMakeTmp

Run Build Command(s):/usr/bin/gmake -f Makefile cmTC_ac8a6/fast && gmake[3]: Entering directory '/home/santos/Documents/stlab/esp32s3/build/bootloader/CMakeFiles/CMakeTmp'
/usr/bin/gmake  -f CMakeFiles/cmTC_ac8a6.dir/build.make CMakeFiles/cmTC_ac8a6.dir/build
gmake[4]: Entering directory '/home/santos/Documents/stlab/esp32s3/build/bootloader/CMakeFiles/CMakeTmp'
Building C object CMakeFiles/cmTC_ac8a6.dir/CMakeCCompilerABI.c.obj
/home/santos/esp5.1.2/.espressif/tools/xtensa-esp32s3-elf/esp-12.2.0_20230208/xtensa-esp32s3-elf/bin/xtensa-esp32s3-elf-gcc   -mlongcalls     -v -o CMakeFiles/cmTC_ac8a6.dir/CMakeCCompilerABI.c.obj -c /usr/share/cmake-3.22/Modules/CMakeCCompilerABI.c
Using built-in specs.
COLLECT_GCC=/home/santos/esp5.1.2/.espressif/tools/xtensa-esp32s3-elf/esp-12.2.0_20230208/xtensa-esp32s3-elf/bin/xtensa-esp32s3-elf-gcc
Target: xtensa-esp32s3-elf
Configured with: /builds/idf/crosstool-NG/.build/xtensa-esp32s3-elf/src/gcc/configure --build=x86_64-build_pc-linux-gnu --host=x86_64-build_pc-linux-gnu --target=xtensa-esp32s3-elf --prefix=/builds/idf/crosstool-NG/builds/xtensa-esp32s3-elf --exec_prefix=/builds/idf/crosstool-NG/builds/xtensa-esp32s3-elf --with-local-prefix=/builds/idf/crosstool-NG/builds/xtensa-esp32s3-elf/xtensa-esp32s3-elf --with-headers=/builds/idf/crosstool-NG/builds/xtensa-esp32s3-elf/xtensa-esp32s3-elf/include --with-newlib --enable-threads=no --disable-shared --with-pkgversion='crosstool-NG esp-12.2.0_20230208' --disable-__cxa_atexit --enable-cxx-flags=-ffunction-sections --disable-libgomp --disable-libmudflap --disable-libmpx --disable-libssp --disable-libquadmath --disable-libquadmath-support --disable-libstdcxx-verbose --with-gmp=/builds/idf/crosstool-NG/.build/xtensa-esp32s3-elf/buildtools --with-mpfr=/builds/idf/crosstool-NG/.build/xtensa-esp32s3-elf/buildtools --with-mpc=/builds/idf/crosstool-NG/.build/xtensa-esp32s3-elf/buildtools --with-isl=/builds/idf/crosstool-NG/.build/xtensa-esp32s3-elf/buildtools --enable-lto --enable-target-optspace --without-long-double-128 --disable-nls --enable-multiarch --enable-languages=c,c++ --disable-libstdcxx-verbose --enable-threads=posix --enable-gcov-custom-rtio --enable-libstdcxx-time=yes
Thread model: posix
Supported LTO compression algorithms: zlib
gcc version 12.2.0 (crosstool-NG esp-12.2.0_20230208) 
COLLECT_GCC_OPTIONS='-mlongcalls' '-v' '-o' 'CMakeFiles/cmTC_ac8a6.dir/CMakeCCompilerABI.c.obj' '-c' '-dumpdir' 'CMakeFiles/cmTC_ac8a6.dir/'
 /home/santos/esp5.1.2/.espressif/tools/xtensa-esp32s3-elf/esp-12.2.0_20230208/xtensa-esp32s3-elf/bin/../libexec/gcc/xtensa-esp32s3-elf/12.2.0/cc1 -quiet -v -iprefix /home/santos/esp5.1.2/.espressif/tools/xtensa-esp32s3-elf/esp-12.2.0_20230208/xtensa-esp32s3-elf/bin/../lib/gcc/xtensa-esp32s3-elf/12.2.0/ /usr/share/cmake-3.22/Modules/CMakeCCompilerABI.c -quiet -dumpdir CMakeFiles/cmTC_ac8a6.dir/ -dumpbase CMakeCCompilerABI.c.c -dumpbase-ext .c -mlongcalls -version -o /tmp/ccbIhX2n.s
GNU C17 (crosstool-NG esp-12.2.0_20230208) version 12.2.0 (xtensa-esp32s3-elf)
	compiled by GNU C version 4.9.2, GMP version 6.2.1, MPFR version 4.1.0, MPC version 1.2.1, isl version isl-0.24-GMP

GGC heuristics: --param ggc-min-expand=100 --param ggc-min-heapsize=131072
ignoring duplicate directory "/home/santos/esp5.1.2/.espressif/tools/xtensa-esp32s3-elf/esp-12.2.0_20230208/xtensa-esp32s3-elf/bin/../lib/gcc/../../lib/gcc/xtensa-esp32s3-elf/12.2.0/include"
ignoring duplicate directory "/home/santos/esp5.1.2/.espressif/tools/xtensa-esp32s3-elf/esp-12.2.0_20230208/xtensa-esp32s3-elf/bin/../lib/gcc/../../lib/gcc/xtensa-esp32s3-elf/12.2.0/include-fixed"
ignoring duplicate directory "/home/santos/esp5.1.2/.espressif/tools/xtensa-esp32s3-elf/esp-12.2.0_20230208/xtensa-esp32s3-elf/bin/../lib/gcc/../../lib/gcc/xtensa-esp32s3-elf/12.2.0/../../../../xtensa-esp32s3-elf/sys-include"
ignoring duplicate directory "/home/santos/esp5.1.2/.espressif/tools/xtensa-esp32s3-elf/esp-12.2.0_20230208/xtensa-esp32s3-elf/bin/../lib/gcc/../../lib/gcc/xtensa-esp32s3-elf/12.2.0/../../../../xtensa-esp32s3-elf/include"
#include "..." search starts here:
#include <...> search starts here:
 /home/santos/esp5.1.2/.espressif/tools/xtensa-esp32s3-elf/esp-12.2.0_20230208/xtensa-esp32s3-elf/bin/../lib/gcc/xtensa-esp32s3-elf/12.2.0/include
 /home/santos/esp5.1.2/.espressif/tools/xtensa-esp32s3-elf/esp-12.2.0_20230208/xtensa-esp32s3-elf/bin/../lib/gcc/xtensa-esp32s3-elf/12.2.0/include-fixed
 /home/santos/esp5.1.2/.espressif/tools/xtensa-esp32s3-elf/esp-12.2.0_20230208/xtensa-esp32s3-elf/bin/../lib/gcc/xtensa-esp32s3-elf/12.2.0/../../../../xtensa-esp32s3-elf/sys-include
 /home/santos/esp5.1.2/.espressif/tools/xtensa-esp32s3-elf/esp-12.2.0_20230208/xtensa-esp32s3-elf/bin/../lib/gcc/xtensa-esp32s3-elf/12.2.0/../../../../xtensa-esp32s3-elf/include
End of search list.
GNU C17 (crosstool-NG esp-12.2.0_20230208) version 12.2.0 (xtensa-esp32s3-elf)
	compiled by GNU C version 4.9.2, GMP version 6.2.1, MPFR version 4.1.0, MPC version 1.2.1, isl version isl-0.24-GMP

GGC heuristics: --param ggc-min-expand=100 --param ggc-min-heapsize=131072
Compiler executable checksum: 38eba8291ba845c0d1e8403729b5b690
COLLECT_GCC_OPTIONS='-mlongcalls' '-v' '-o' 'CMakeFiles/cmTC_ac8a6.dir/CMakeCCompilerABI.c.obj' '-c' '-dumpdir' 'CMakeFiles/cmTC_ac8a6.dir/'
 /home/santos/esp5.1.2/.espressif/tools/xtensa-esp32s3-elf/esp-12.2.0_20230208/xtensa-esp32s3-elf/bin/../lib/gcc/xtensa-esp32s3-elf/12.2.0/../../../../xtensa-esp32s3-elf/bin/as --traditional-format --longcalls -o CMakeFiles/cmTC_ac8a6.dir/CMakeCCompilerABI.c.obj /tmp/ccbIhX2n.s
COMPILER_PATH=/home/santos/esp5.1.2/.espressif/tools/xtensa-esp32s3-elf/esp-12.2.0_20230208/xtensa-esp32s3-elf/bin/../libexec/gcc/xtensa-esp32s3-elf/12.2.0/:/home/santos/esp5.1.2/.espressif/tools/xtensa-esp32s3-elf/esp-12.2.0_20230208/xtensa-esp32s3-elf/bin/../libexec/gcc/:/home/santos/esp5.1.2/.espressif/tools/xtensa-esp32s3-elf/esp-12.2.0_20230208/xtensa-esp32s3-elf/bin/../lib/gcc/xtensa-esp32s3-elf/12.2.0/../../../../xtensa-esp32s3-elf/bin/
LIBRARY_PATH=/home/santos/esp5.1.2/.espressif/tools/xtensa-esp32s3-elf/esp-12.2.0_20230208/xtensa-esp32s3-elf/bin/../lib/gcc/xtensa-esp32s3-elf/12.2.0/:/home/santos/esp5.1.2/.espressif/tools/xtensa-esp32s3-elf/esp-12.2.0_20230208/xtensa-esp32s3-elf/bin/../lib/gcc/:/home/santos/esp5.1.2/.espressif/tools/xtensa-esp32s3-elf/esp-12.2.0_20230208/xtensa-esp32s3-elf/bin/../lib/gcc/xtensa-esp32s3-elf/12.2.0/../../../../xtensa-esp32s3-elf/lib/
COLLECT_GCC_OPTIONS='-mlongcalls' '-v' '-o' 'CMakeFiles/cmTC_ac8a6.dir/CMakeCCompilerABI.c.obj' '-c' '-dumpdir' 'CMakeFiles/cmTC_ac8a6.dir/CMakeCCompilerABI.c.'
Linking C executable cmTC_ac8a6
/usr/bin/cmake -E cmake_link_script CMakeFiles/cmTC_ac8a6.dir/link.txt --verbose=1
/home/santos/esp5.1.2/.espressif/tools/xtensa-esp32s3-elf/esp-12.2.0_20230208/xtensa-esp32s3-elf/bin/xtensa-esp32s3-elf-gcc -mlongcalls    -v CMakeFiles/cmTC_ac8a6.dir/CMakeCCompilerABI.c.obj -o cmTC_ac8a6 
Using built-in specs.
COLLECT_GCC=/home/santos/esp5.1.2/.espressif/tools/xtensa-esp32s3-elf/esp-12.2.0_20230208/xtensa-esp32s3-elf/bin/xtensa-esp32s3-elf-gcc
COLLECT_LTO_WRAPPER=/home/santos/esp5.1.2/.espressif/tools/xtensa-esp32s3-elf/esp-12.2.0_20230208/xtensa-esp32s3-elf/bin/../libexec/gcc/xtensa-esp32s3-elf/12.2.0/lto-wrapper
Target: xtensa-esp32s3-elf
Configured with: /builds/idf/crosstool-NG/.build/xtensa-esp32s3-elf/src/gcc/configure --build=x86_64-build_pc-linux-gnu --host=x86_64-build_pc-linux-gnu --target=xtensa-esp32s3-elf --prefix=/builds/idf/crosstool-NG/builds/xtensa-esp32s3-elf --exec_prefix=/builds/idf/crosstool-NG/builds/xtensa-esp32s3-elf --with-local-prefix=/builds/idf/crosstool-NG/builds/xtensa-esp32s3-elf/xtensa-esp32s3-elf --with-headers=/builds/idf/crosstool-NG/builds/xtensa-esp32s3-elf/xtensa-esp32s3-elf/include --with-newlib --enable-threads=no --disable-shared --with-pkgversion='crosstool-NG esp-12.2.0_20230208' --disable-__cxa_atexit --enable-cxx-flags=-ffunction-sections --disable-libgomp --disable-libmudflap --disable-libmpx --disable-libssp --disable-libquadmath --disable-libquadmath-support --disable-libstdcxx-verbose --with-gmp=/builds/idf/crosstool-NG/.build/xtensa-esp32s3-elf/buildtools --with-mpfr=/builds/idf/crosstool-NG/.build/xtensa-esp32s3-elf/buildtools --with-mpc=/builds/idf/crosstool-NG/.build/xtensa-esp32s3-elf/buildtools --with-isl=/builds/idf/crosstool-NG/.build/xtensa-esp32s3-elf/buildtools --enable-lto --enable-target-optspace --without-long-double-128 --disable-nls --enable-multiarch --enable-languages=c,c++ --disable-libstdcxx-verbose --enable-threads=posix --enable-gcov-custom-rtio --enable-libstdcxx-time=yes
Thread model: posix
Supported LTO compression algorithms: zlib
gcc version 12.2.0 (crosstool-NG esp-12.2.0_20230208) 
COMPILER_PATH=/home/santos/esp5.1.2/.espressif/tools/xtensa-esp32s3-elf/esp-12.2.0_20230208/xtensa-esp32s3-elf/bin/../libexec/gcc/xtensa-esp32s3-elf/12.2.0/:/home/santos/esp5.1.2/.espressif/tools/xtensa-esp32s3-elf/esp-12.2.0_20230208/xtensa-esp32s3-elf/bin/../libexec/gcc/:/home/santos/esp5.1.2/.espressif/tools/xtensa-esp32s3-elf/esp-12.2.0_20230208/xtensa-esp32s3-elf/bin/../lib/gcc/xtensa-esp32s3-elf/12.2.0/../../../../xtensa-esp32s3-elf/bin/
LIBRARY_PATH=/home/santos/esp5.1.2/.espressif/tools/xtensa-esp32s3-elf/esp-12.2.0_20230208/xtensa-esp32s3-elf/bin/../lib/gcc/xtensa-esp32s3-elf/12.2.0/:/home/santos/esp5.1.2/.espressif/tools/xtensa-esp32s3-elf/esp-12.2.0_20230208/xtensa-esp32s3-elf/bin/../lib/gcc/:/home/santos/esp5.1.2/.espressif/tools/xtensa-esp32s3-elf/esp-12.2.0_20230208/xtensa-esp32s3-elf/bin/../lib/gcc/xtensa-esp32s3-elf/12.2.0/../../../../xtensa-esp32s3-elf/lib/
COLLECT_GCC_OPTIONS='-mlongcalls' '-v' '-o' 'cmTC_ac8a6' '-dumpdir' 'cmTC_ac8a6.'
 /home/santos/esp5.1.2/.espressif/tools/xtensa-esp32s3-elf/esp-12.2.0_20230208/xtensa-esp32s3-elf/bin/../libexec/gcc/xtensa-esp32s3-elf/12.2.0/collect2 -plugin /home/santos/esp5.1.2/.espressif/tools/xtensa-esp32s3-elf/esp-12.2.0_20230208/xtensa-esp32s3-elf/bin/../libexec/gcc/xtensa-esp32s3-elf/12.2.0/liblto_plugin.so -plugin-opt=/home/santos/esp5.1.2/.espressif/tools/xtensa-esp32s3-elf/esp-12.2.0_20230208/xtensa-esp32s3-elf/bin/../libexec/gcc/xtensa-esp32s3-elf/12.2.0/lto-wrapper -plugin-opt=-fresolution=/tmp/ccPyb9Dt.res -plugin-opt=-pass-through=-lgcc -plugin-opt=-pass-through=-lc -plugin-opt=-pass-through=-lnosys -plugin-opt=-pass-through=-lc -plugin-opt=-pass-through=-lgcc -o cmTC_ac8a6 /home/santos/esp5.1.2/.espressif/tools/xtensa-esp32s3-elf/esp-12.2.0_20230208/xtensa-esp32s3-elf/bin/../lib/gcc/xtensa-esp32s3-elf/12.2.0/../../../../xtensa-esp32s3-elf/lib/crt0.o /home/santos/esp5.1.2/.espressif/tools/xtensa-esp32s3-elf/esp-12.2.0_20230208/xtensa-esp32s3-elf/bin/../lib/gcc/xtensa-esp32s3-elf/12.2.0/crti.o /home/santos/esp5.1.2/.espressif/tools/xtensa-esp32s3-elf/esp-12.2.0_20230208/xtensa-esp32s3-elf/bin/../lib/gcc/xtensa-esp32s3-elf/12.2.0/crtbegin.o -L/home/santos/esp5.1.2/.espressif/tools/xtensa-esp32s3-elf/esp-12.2.0_20230208/xtensa-esp32s3-elf/bin/../lib/gcc/xtensa-esp32s3-elf/12.2.0 -L/home/santos/esp5.1.2/.espressif/tools/xtensa-esp32s3-elf/esp-12.2.0_20230208/xtensa-esp32s3-elf/bin/../lib/gcc -L/home/santos/esp5.1.2/.espressif/tools/xtensa-esp32s3-elf/esp-12.2.0_20230208/xtensa-esp32s3-elf/bin/../lib/gcc/xtensa-esp32s3-elf/12.2.0/../../../../xtensa-esp32s3-elf/lib CMakeFiles/cmTC_ac8a6.dir/CMakeCCompilerABI.c.obj -lgcc -lc -lnosys -lc -lgcc /home/santos/esp5.1.2/.espressif/tools/xtensa-esp32s3-elf/esp-12.2.0_20230208/xtensa-esp32s3-elf/bin/../lib/gcc/xtensa-esp32s3-elf/12.2.0/crtend.o /home/santos/esp5.1.2/.espressif/tools/xtensa-esp32s3-elf/esp-12.2.0_20230208/xtensa-esp32s3-elf/bin/../lib/gcc/xtensa-esp32s3-elf/12.2.0/crtn.o
COLLECT_GCC_OPTIONS='-mlongcalls' '-v' '-o' 'cmTC_ac8a6' '-dumpdir' 'cmTC_ac8a6.'
gmake[4]: Leaving directory '/home/santos/Documents/stlab/esp32s3/build/bootloader/CMakeFiles/CMakeTmp'
gmake[3]: Leaving directory '/home/santos/Documents/stlab/esp32s3/build/bootloader/CMakeFiles/CMakeTmp'



Parsed C implicit include dir info from above output: rv=done
  found start of include info
  found start of implicit include info
    add: [/home/santos/esp5.1.2/.espressif/tools/xtensa-esp32s3-elf/esp-12.2.0_20230208/xtensa-esp32s3-elf/bin/../lib/gcc/xtensa-esp32s3-elf/12.2.0/include]
    add: [/home/santos/esp5.1.2/.espressif/tools/xtensa-esp32s3-elf/esp-12.2.0_20230208/xtensa-esp32s3-elf/bin/../lib/gcc/xtensa-esp32s3-elf/12.2.0/include-fixed]
    add: [/home/santos/esp5.1.2/.espressif/tools/xtensa-esp32s3-elf/esp-12.2.0_20230208/xtensa-esp32s3-elf/bin/../lib/gcc/xtensa-esp32s3-elf/12.2.0/../../../../xtensa-esp32s3-elf/sys-include]
    add: [/home/santos/esp5.1.2/.espressif/tools/xtensa-esp32s3-elf/esp-12.2.0_20230208/xtensa-esp32s3-elf/bin/../lib/gcc/xtensa-esp32s3-elf/12.2.0/../../../../xtensa-esp32s3-elf/include]
  end of search list found
  collapse include dir [/home/santos/esp5.1.2/.espressif/tools/xtensa-esp32s3-elf/esp-12.2.0_20230208/xtensa-esp32s3-elf/bin/../lib/gcc/xtensa-esp32s3-elf/12.2.0/include] ==> [/home/santos/esp5.1.2/.espressif/tools/xtensa-esp32s3-elf/esp-12.2.0_20230208/xtensa-esp32s3-elf/lib/gcc/xtensa-esp32s3-elf/12.2.0/include]
  collapse include dir [/home/santos/esp5.1.2/.espressif/tools/xtensa-esp32s3-elf/esp-12.2.0_20230208/xtensa-esp32s3-elf/bin/../lib/gcc/xtensa-esp32s3-elf/12.2.0/include-fixed] ==> [/home/santos/esp5.1.2/.espressif/tools/xtensa-esp32s3-elf/esp-12.2.0_20230208/xtensa-esp32s3-elf/lib/gcc/xtensa-esp32s3-elf/12.2.0/include-fixed]
  collapse include dir [/home/santos/esp5.1.2/.espressif/tools/xtensa-esp32s3-elf/esp-12.2.0_20230208/xtensa-esp32s3-elf/bin/../lib/gcc/xtensa-esp32s3-elf/12.2.0/../../../../xtensa-esp32s3-elf/sys-include] ==> [/home/santos/esp5.1.2/.espressif/tools/xtensa-esp32s3-elf/esp-12.2.0_20230208/xtensa-esp32s3-elf/xtensa-esp32s3-elf/sys-include]
  collapse include dir [/home/santos/esp5.1.2/.espressif/tools/xtensa-esp32s3-elf/esp-12.2.0_20230208/xtensa-esp32s3-elf/bin/../lib/gcc/xtensa-esp32s3-elf/12.2.0/../../../../xtensa-esp32s3-elf/include] ==> [/home/santos/esp5.1.2/.espressif/tools/xtensa-esp32s3-elf/esp-12.2.0_20230208/xtensa-esp32s3-elf/xtensa-esp32s3-elf/include]
  implicit include dirs: [/home/santos/esp5.1.2/.espressif/tools/xtensa-esp32s3-elf/esp-12.2.0_20230208/xtensa-esp32s3-elf/lib/gcc/xtensa-esp32s3-elf/12.2.0/include;/home/santos/esp5.1.2/.espressif/tools/xtensa-esp32s3-elf/esp-12.2.0_20230208/xtensa-esp32s3-elf/lib/gcc/xtensa-esp32s3-elf/12.2.0/include-fixed;/home/santos/esp5.1.2/.espressif/tools/xtensa-esp32s3-elf/esp-12.2.0_20230208/xtensa-esp32s3-elf/xtensa-esp32s3-elf/sys-include;/home/santos/esp5.1.2/.espressif/tools/xtensa-esp32s3-elf/esp-12.2.0_20230208/xtensa-esp32s3-elf/xtensa-esp32s3-elf/include]


Parsed C implicit link information from above output:
  link line regex: [^( *|.*[/\])(xtensa-esp32s3-elf-ld|CMAKE_LINK_STARTFILE-NOTFOUND|([^/\]+-)?ld|collect2)[^/\]*( |$)]
  ignore line: [Change Dir: /home/santos/Documents/stlab/esp32s3/build/bootloader/CMakeFiles/CMakeTmp]
  ignore line: []
  ignore line: [Run Build Command(s):/usr/bin/gmake -f Makefile cmTC_ac8a6/fast && gmake[3]: Entering directory '/home/santos/Documents/stlab/esp32s3/build/bootloader/CMakeFiles/CMakeTmp']
  ignore line: [/usr/bin/gmake  -f CMakeFiles/cmTC_ac8a6.dir/build.make CMakeFiles/cmTC_ac8a6.dir/build]
  ignore line: [gmake[4]: Entering directory '/home/santos/Documents/stlab/esp32s3/build/bootloader/CMakeFiles/CMakeTmp']
  ignore line: [Building C object CMakeFiles/cmTC_ac8a6.dir/CMakeCCompilerABI.c.obj]
  ignore line: [/home/santos/esp5.1.2/.espressif/tools/xtensa-esp32s3-elf/esp-12.2.0_20230208/xtensa-esp32s3-elf/bin/xtensa-esp32s3-elf-gcc   -mlongcalls     -v -o CMakeFiles/cmTC_ac8a6.dir/CMakeCCompilerABI.c.obj -c /usr/share/cmake-3.22/Modules/CMakeCCompilerABI.c]
  ignore line: [Using built-in specs.]
  ignore line: [COLLECT_GCC=/home/santos/esp5.1.2/.espressif/tools/xtensa-esp32s3-elf/esp-12.2.0_20230208/xtensa-esp32s3-elf/bin/xtensa-esp32s3-elf-gcc]
  ignore line: [Target: xtensa-esp32s3-elf]
  ignore line: [Configured with: /builds/idf/crosstool-NG/.build/xtensa-esp32s3-elf/src/gcc/configure --build=x86_64-build_pc-linux-gnu --host=x86_64-build_pc-linux-gnu --target=xtensa-esp32s3-elf --prefix=/builds/idf/crosstool-NG/builds/xtensa-esp32s3-elf --exec_prefix=/builds/idf/crosstool-NG/builds/xtensa-esp32s3-elf --with-local-prefix=/builds/idf/crosstool-NG/builds/xtensa-esp32s3-elf/xtensa-esp32s3-elf --with-headers=/builds/idf/crosstool-NG/builds/xtensa-esp32s3-elf/xtensa-esp32s3-elf/include --with-newlib --enable-threads=no --disable-shared --with-pkgversion='crosstool-NG esp-12.2.0_20230208' --disable-__cxa_atexit --enable-cxx-flags=-ffunction-sections --disable-libgomp --disable-libmudflap --disable-libmpx --disable-libssp --disable-libquadmath --disable-libquadmath-support --disable-libstdcxx-verbose --with-gmp=/builds/idf/crosstool-NG/.build/xtensa-esp32s3-elf/buildtools --with-mpfr=/builds/idf/crosstool-NG/.build/xtensa-esp32s3-elf/buildtools --with-mpc=/builds/idf/crosstool-NG/.build/xtensa-esp32s3-elf/buildtools --with-isl=/builds/idf/crosstool-NG/.build/xtensa-esp32s3-elf/buildtools --enable-lto --enable-target-optspace --without-long-double-128 --disable-nls --enable-multiarch --enable-languages=c c++ --disable-libstdcxx-verbose --enable-threads=posix --enable-gcov-custom-rtio --enable-libstdcxx-time=yes]
  ignore line: [Thread model: posix]
  ignore line: [Supported LTO compression algorithms: zlib]
  ignore line: [gcc version 12.2.0 (crosstool-NG esp-12.2.0_20230208) ]
  ignore line: [COLLECT_GCC_OPTIONS='-mlongcalls' '-v' '-o' 'CMakeFiles/cmTC_ac8a6.dir/CMakeCCompilerABI.c.obj' '-c' '-dumpdir' 'CMakeFiles/cmTC_ac8a6.dir/']
  ignore line: [ /home/santos/esp5.1.2/.espressif/tools/xtensa-esp32s3-elf/esp-12.2.0_20230208/xtensa-esp32s3-elf/bin/../libexec/gcc/xtensa-esp32s3-elf/12.2.0/cc1 -quiet -v -iprefix /home/santos/esp5.1.2/.espressif/tools/xtensa-esp32s3-elf/esp-12.2.0_20230208/xtensa-esp32s3-elf/bin/../lib/gcc/xtensa-esp32s3-elf/12.2.0/ /usr/share/cmake-3.22/Modules/CMakeCCompilerABI.c -quiet -dumpdir CMakeFiles/cmTC_ac8a6.dir/ -dumpbase CMakeCCompilerABI.c.c -dumpbase-ext .c -mlongcalls -version -o /tmp/ccbIhX2n.s]
  ignore line: [GNU C17 (crosstool-NG esp-12.2.0_20230208) version 12.2.0 (xtensa-esp32s3-elf)]
  ignore line: [	compiled by GNU C version 4.9.2  GMP version 6.2.1  MPFR version 4.1.0  MPC version 1.2.1  isl version isl-0.24-GMP]
  ignore line: []
  ignore line: [GGC heuristics: --param ggc-min-expand=100 --param ggc-min-heapsize=131072]
  ignore line: [ignoring duplicate directory "/home/santos/esp5.1.2/.espressif/tools/xtensa-esp32s3-elf/esp-12.2.0_20230208/xtensa-esp32s3-elf/bin/../lib/gcc/../../lib/gcc/xtensa-esp32s3-elf/12.2.0/include"]
  ignore line: [ignoring duplicate directory "/home/santos/esp5.1.2/.espressif/tools/xtensa-esp32s3-elf/esp-12.2.0_20230208/xtensa-esp32s3-elf/bin/../lib/gcc/../../lib/gcc/xtensa-esp32s3-elf/12.2.0/include-fixed"]
  ignore line: [ignoring duplicate directory "/home/santos/esp5.1.2/.espressif/tools/xtensa-esp32s3-elf/esp-12.2.0_20230208/xtensa-esp32s3-elf/bin/../lib/gcc/../../lib/gcc/xtensa-esp32s3-elf/12.2.0/../../../../xtensa-esp32s3-elf/sys-include"]
  ignore line: [ignoring duplicate directory "/home/santos/esp5.1.2/.espressif/tools/xtensa-esp32s3-elf/esp-12.2.0_20230208/xtensa-esp32s3-elf/bin/../lib/gcc/../../lib/gcc/xtensa-esp32s3-elf/12.2.0/../../../../xtensa-esp32s3-elf/include"]
  ignore line: [#include "..." search starts here:]
  ignore line: [#include <...> search starts here:]
  ignore line: [ /home/santos/esp5.1.2/.espressif/tools/xtensa-esp32s3-elf/esp-12.2.0_20230208/xtensa-esp32s3-elf/bin/../lib/gcc/xtensa-esp32s3-elf/12.2.0/include]
  ignore line: [ /home/santos/esp5.1.2/.espressif/tools/xtensa-esp32s3-elf/esp-12.2.0_20230208/xtensa-esp32s3-elf/bin/../lib/gcc/xtensa-esp32s3-elf/12.2.0/include-fixed]
  ignore line: [ /home/santos/esp5.1.2/.espressif/tools/xtensa-esp32s3-elf/esp-12.2.0_20230208/xtensa-esp32s3-elf/bin/../lib/gcc/xtensa-esp32s3-elf/12.2.0/../../../../xtensa-esp32s3-elf/sys-include]
  ignore line: [ /home/santos/esp5.1.2/.espressif/tools/xtensa-esp32s3-elf/esp-12.2.0_20230208/xtensa-esp32s3-elf/bin/../lib/gcc/xtensa-esp32s3-elf/12.2.0/../../../../xtensa-esp32s3-elf/include]
  ignore line: [End of search list.]
  ignore line: [GNU C17 (crosstool-NG esp-12.2.0_20230208) version 12.2.0 (xtensa-esp32s3-elf)]
  ignore line: [	compiled by GNU C version 4.9.2  GMP version 6.2.1  MPFR version 4.1.0  MPC version 1.2.1  isl version isl-0.24-GMP]
  ignore line: []
  ignore line: [GGC heuristics: --param ggc-min-expand=100 --param ggc-min-heapsize=131072]
  ignore line: [Compiler executable checksum: 38eba8291ba845c0d1e8403729b5b690]
  ignore line: [COLLECT_GCC_OPTIONS='-mlongcalls' '-v' '-o' 'CMakeFiles/cmTC_ac8a6.dir/CMakeCCompilerABI.c.obj' '-c' '-dumpdir' 'CMakeFiles/cmTC_ac8a6.dir/']
  ignore line: [ /home/santos/esp5.1.2/.espressif/tools/xtensa-esp32s3-elf/esp-12.2.0_20230208/xtensa-esp32s3-elf/bin/../lib/gcc/xtensa-esp32s3-elf/12.2.0/../../../../xtensa-esp32s3-elf/bin/as --traditional-format --longcalls -o CMakeFiles/cmTC_ac8a6.dir/CMakeCCompilerABI.c.obj /tmp/ccbIhX2n.s]
  ignore line: [COMPILER_PATH=/home/santos/esp5.1.2/.espressif/tools/xtensa-esp32s3-elf/esp-12.2.0_20230208/xtensa-esp32s3-elf/bin/../libexec/gcc/xtensa-esp32s3-elf/12.2.0/:/home/santos/esp5.1.2/.espressif/tools/xtensa-esp32s3-elf/esp-12.2.0_20230208/xtensa-esp32s3-elf/bin/../libexec/gcc/:/home/santos/esp5.1.2/.espressif/tools/xtensa-esp32s3-elf/esp-12.2.0_20230208/xtensa-esp32s3-elf/bin/../lib/gcc/xtensa-esp32s3-elf/12.2.0/../../../../xtensa-esp32s3-elf/bin/]
  ignore line: [LIBRARY_PATH=/home/santos/esp5.1.2/.espressif/tools/xtensa-esp32s3-elf/esp-12.2.0_20230208/xtensa-esp32s3-elf/bin/../lib/gcc/xtensa-esp32s3-elf/12.2.0/:/home/santos/esp5.1.2/.espressif/tools/xtensa-esp32s3-elf/esp-12.2.0_20230208/xtensa-esp32s3-elf/bin/../lib/gcc/:/home/santos/esp5.1.2/.espressif/tools/xtensa-esp32s3-elf/esp-12.2.0_20230208/xtensa-esp32s3-elf/bin/../lib/gcc/xtensa-esp32s3-elf/12.2.0/../../../../xtensa-esp32s3-elf/lib/]
  ignore line: [COLLECT_GCC_OPTIONS='-mlongcalls' '-v' '-o' 'CMakeFiles/cmTC_ac8a6.dir/CMakeCCompilerABI.c.obj' '-c' '-dumpdir' 'CMakeFiles/cmTC_ac8a6.dir/CMakeCCompilerABI.c.']
  ignore line: [Linking C executable cmTC_ac8a6]
  ignore line: [/usr/bin/cmake -E cmake_link_script CMakeFiles/cmTC_ac8a6.dir/link.txt --verbose=1]
  ignore line: [/home/santos/esp5.1.2/.espressif/tools/xtensa-esp32s3-elf/esp-12.2.0_20230208/xtensa-esp32s3-elf/bin/xtensa-esp32s3-elf-gcc -mlongcalls    -v CMakeFiles/cmTC_ac8a6.dir/CMakeCCompilerABI.c.obj -o cmTC_ac8a6 ]
  ignore line: [Using built-in specs.]
  ignore line: [COLLECT_GCC=/home/santos/esp5.1.2/.espressif/tools/xtensa-esp32s3-elf/esp-12.2.0_20230208/xtensa-esp32s3-elf/bin/xtensa-esp32s3-elf-gcc]
  ignore line: [COLLECT_LTO_WRAPPER=/home/santos/esp5.1.2/.espressif/tools/xtensa-esp32s3-elf/esp-12.2.0_20230208/xtensa-esp32s3-elf/bin/../libexec/gcc/xtensa-esp32s3-elf/12.2.0/lto-wrapper]
  ignore line: [Target: xtensa-esp32s3-elf]
  ignore line: [Configured with: /builds/idf/crosstool-NG/.build/xtensa-esp32s3-elf/src/gcc/configure --build=x86_64-build_pc-linux-gnu --host=x86_64-build_pc-linux-gnu --target=xtensa-esp32s3-elf --prefix=/builds/idf/crosstool-NG/builds/xtensa-esp32s3-elf --exec_prefix=/builds/idf/crosstool-NG/builds/xtensa-esp32s3-elf --with-local-prefix=/builds/idf/crosstool-NG/builds/xtensa-esp32s3-elf/xtensa-esp32s3-elf --with-headers=/builds/idf/crosstool-NG/builds/xtensa-esp32s3-elf/xtensa-esp32s3-elf/include --with-newlib --enable-threads=no --disable-shared --with-pkgversion='crosstool-NG esp-12.2.0_20230208' --disable-__cxa_atexit --enable-cxx-flags=-ffunction-sections --disable-libgomp --disable-libmudflap --disable-libmpx --disable-libssp --disable-libquadmath --disable-libquadmath-support --disable-libstdcxx-verbose --with-gmp=/builds/idf/crosstool-NG/.build/xtensa-esp32s3-elf/buildtools --with-mpfr=/builds/idf/crosstool-NG/.build/xtensa-esp32s3-elf/buildtools --with-mpc=/builds/idf/crosstool-NG/.build/xtensa-esp32s3-elf/buildtools --with-isl=/builds/idf/crosstool-NG/.build/xtensa-esp32s3-elf/buildtools --enable-lto --enable-target-optspace --without-long-double-128 --disable-nls --enable-multiarch --enable-languages=c c++ --disable-libstdcxx-verbose --enable-threads=posix --enable-gcov-custom-rtio --enable-libstdcxx-time=yes]
  ignore line: [Thread model: posix]
  ignore line: [Supported LTO compression algorithms: zlib]
  ignore line: [gcc version 12.2.0 (crosstool-NG esp-12.2.0_20230208) ]
  ignore line: [COMPILER_PATH=/home/santos/esp5.1.2/.espressif/tools/xtensa-esp32s3-elf/esp-12.2.0_20230208/xtensa-esp32s3-elf/bin/../libexec/gcc/xtensa-esp32s3-elf/12.2.0/:/home/santos/esp5.1.2/.espressif/tools/xtensa-esp32s3-elf/esp-12.2.0_20230208/xtensa-esp32s3-elf/bin/../libexec/gcc/:/home/santos/esp5.1.2/.espressif/tools/xtensa-esp32s3-elf/esp-12.2.0_20230208/xtensa-esp32s3-elf/bin/../lib/gcc/xtensa-esp32s3-elf/12.2.0/../../../../xtensa-esp32s3-elf/bin/]
  ignore line: [LIBRARY_PATH=/home/santos/esp5.1.2/.espressif/tools/xtensa-esp32s3-elf/esp-12.2.0_20230208/xtensa-esp32s3-elf/bin/../lib/gcc/xtensa-esp32s3-elf/12.2.0/:/home/santos/esp5.1.2/.espressif/tools/xtensa-esp32s3-elf/esp-12.2.0_20230208/xtensa-esp32s3-elf/bin/../lib/gcc/:/home/santos/esp5.1.2/.espressif/tools/xtensa-esp32s3-elf/esp-12.2.0_20230208/xtensa-esp32s3-elf/bin/../lib/gcc/xtensa-esp32s3-elf/12.2.0/../../../../xtensa-esp32s3-elf/lib/]
  ignore line: [COLLECT_GCC_OPTIONS='-mlongcalls' '-v' '-o' 'cmTC_ac8a6' '-dumpdir' 'cmTC_ac8a6.']
  link line: [ /home/santos/esp5.1.2/.espressif/tools/xtensa-esp32s3-elf/esp-12.2.0_20230208/xtensa-esp32s3-elf/bin/../libexec/gcc/xtensa-esp32s3-elf/12.2.0/collect2 -plugin /home/santos/esp5.1.2/.espressif/tools/xtensa-esp32s3-elf/esp-12.2.0_20230208/xtensa-esp32s3-elf/bin/../libexec/gcc/xtensa-esp32s3-elf/12.2.0/liblto_plugin.so -plugin-opt=/home/santos/esp5.1.2/.espressif/tools/xtensa-esp32s3-elf/esp-12.2.0_20230208/xtensa-esp32s3-elf/bin/../libexec/gcc/xtensa-esp32s3-elf/12.2.0/lto-wrapper -plugin-opt=-fresolution=/tmp/ccPyb9Dt.res -plugin-opt=-pass-through=-lgcc -plugin-opt=-pass-through=-lc -plugin-opt=-pass-through=-lnosys -plugin-opt=-pass-through=-lc -plugin-opt=-pass-through=-lgcc -o cmTC_ac8a6 /home/santos/esp5.1.2/.espressif/tools/xtensa-esp32s3-elf/esp-12.2.0_20230208/xtensa-esp32s3-elf/bin/../lib/gcc/xtensa-esp32s3-elf/12.2.0/../../../../xtensa-esp32s3-elf/lib/crt0.o /home/santos/esp5.1.2/.espressif/tools/xtensa-esp32s3-elf/esp-12.2.0_20230208/xtensa-esp32s3-elf/bin/../lib/gcc/xtensa-esp32s3-elf/12.2.0/crti.o /home/santos/esp5.1.2/.espressif/tools/xtensa-esp32s3-elf/esp-12.2.0_20230208/xtensa-esp32s3-elf/bin/../lib/gcc/xtensa-esp32s3-elf/12.2.0/crtbegin.o -L/home/santos/esp5.1.2/.espressif/tools/xtensa-esp32s3-elf/esp-12.2.0_20230208/xtensa-esp32s3-elf/bin/../lib/gcc/xtensa-esp32s3-elf/12.2.0 -L/home/santos/esp5.1.2/.espressif/tools/xtensa-esp32s3-elf/esp-12.2.0_20230208/xtensa-esp32s3-elf/bin/../lib/gcc -L/home/santos/esp5.1.2/.espressif/tools/xtensa-esp32s3-elf/esp-12.2.0_20230208/xtensa-esp32s3-elf/bin/../lib/gcc/xtensa-esp32s3-elf/12.2.0/../../../../xtensa-esp32s3-elf/lib CMakeFiles/cmTC_ac8a6.dir/CMakeCCompilerABI.c.obj -lgcc -lc -lnosys -lc -lgcc /home/santos/esp5.1.2/.espressif/tools/xtensa-esp32s3-elf/esp-12.2.0_20230208/xtensa-esp32s3-elf/bin/../lib/gcc/xtensa-esp32s3-elf/12.2.0/crtend.o /home/santos/esp5.1.2/.espressif/tools/xtensa-esp32s3-elf/esp-12.2.0_20230208/xtensa-esp32s3-elf/bin/../lib/gcc/xtensa-esp32s3-elf/12.2.0/crtn.o]
    arg [/home/santos/esp5.1.2/.espressif/tools/xtensa-esp32s3-elf/esp-12.2.0_20230208/xtensa-esp32s3-elf/bin/../libexec/gcc/xtensa-esp32s3-elf/12.2.0/collect2] ==> ignore
    arg [-plugin] ==> ignore
    arg [/home/santos/esp5.1.2/.espressif/tools/xtensa-esp32s3-elf/esp-12.2.0_20230208/xtensa-esp32s3-elf/bin/../libexec/gcc/xtensa-esp32s3-elf/12.2.0/liblto_plugin.so] ==> ignore
    arg [-plugin-opt=/home/santos/esp5.1.2/.espressif/tools/xtensa-esp32s3-elf/esp-12.2.0_20230208/xtensa-esp32s3-elf/bin/../libexec/gcc/xtensa-esp32s3-elf/12.2.0/lto-wrapper] ==> ignore
    arg [-plugin-opt=-fresolution=/tmp/ccPyb9Dt.res] ==> ignore
    arg [-plugin-opt=-pass-through=-lgcc] ==> ignore
    arg [-plugin-opt=-pass-through=-lc] ==> ignore
    arg [-plugin-opt=-pass-through=-lnosys] ==> ignore
    arg [-plugin-opt=-pass-through=-lc] ==> ignore
    arg [-plugin-opt=-pass-through=-lgcc] ==> ignore
    arg [-o] ==> ignore
    arg [cmTC_ac8a6] ==> ignore
    arg [/home/santos/esp5.1.2/.espressif/tools/xtensa-esp32s3-elf/esp-12.2.0_20230208/xtensa-esp32s3-elf/bin/../lib/gcc/xtensa-esp32s3-elf/12.2.0/../../../../xtensa-esp32s3-elf/lib/crt0.o] ==> obj [/home/santos/esp5.1.2/.espressif/tools/xtensa-esp32s3-elf/esp-12.2.0_20230208/xtensa-esp32s3-elf/bin/../lib/gcc/xtensa-esp32s3-elf/12.2.0/../../../../xtensa-esp32s3-elf/lib/crt0.o]
    arg [/home/santos/esp5.1.2/.espressif/tools/xtensa-esp32s3-elf/esp-12.2.0_20230208/xtensa-esp32s3-elf/bin/../lib/gcc/xtensa-esp32s3-elf/12.2.0/crti.o] ==> obj [/home/santos/esp5.1.2/.espressif/tools/xtensa-esp32s3-elf/esp-12.2.0_20230208/xtensa-esp32s3-elf/bin/../lib/gcc/xtensa-esp32s3-elf/12.2.0/crti.o]
    arg [/home/santos/esp5.1.2/.espressif/tools/xtensa-esp32s3-elf/esp-12.2.0_20230208/xtensa-esp32s3-elf/bin/../lib/gcc/xtensa-esp32s3-elf/12.2.0/crtbegin.o] ==> obj [/home/santos/esp5.1.2/.espressif/tools/xtensa-esp32s3-elf/esp-12.2.0_20230208/xtensa-esp32s3-elf/bin/../lib/gcc/xtensa-esp32s3-elf/12.2.0/crtbegin.o]
    arg [-L/home/santos/esp5.1.2/.espressif/tools/xtensa-esp32s3-elf/esp-12.2.0_20230208/xtensa-esp32s3-elf/bin/../lib/gcc/xtensa-esp32s3-elf/12.2.0] ==> dir [/home/santos/esp5.1.2/.espressif/tools/xtensa-esp32s3-elf/esp-12.2.0_20230208/xtensa-esp32s3-elf/bin/../lib/gcc/xtensa-esp32s3-elf/12.2.0]
    arg [-L/home/santos/esp5.1.2/.espressif/tools/xtensa-esp32s3-elf/esp-12.2.0_20230208/xtensa-esp32s3-elf/bin/../lib/gcc] ==> dir [/home/santos/esp5.1.2/.espressif/tools/xtensa-esp32s3-elf/esp-12.2.0_20230208/xtensa-esp32s3-elf/bin/../lib/gcc]
    arg [-L/home/santos/esp5.1.2/.espressif/tools/xtensa-esp32s3-elf/esp-12.2.0_20230208/xtensa-esp32s3-elf/bin/../lib/gcc/xtensa-esp32s3-elf/12.2.0/../../../../xtensa-esp32s3-elf/lib] ==> dir [/home/santos/esp5.1.2/.espressif/tools/xtensa-esp32s3-elf/esp-12.2.0_20230208/xtensa-esp32s3-elf/bin/../lib/gcc/xtensa-esp32s3-elf/12.2.0/../../../../xtensa-esp32s3-elf/lib]
    arg [CMakeFiles/cmTC_ac8a6.dir/CMakeCCompilerABI.c.obj] ==> ignore
    arg [-lgcc] ==> lib [gcc]
    arg [-lc] ==> lib [c]
    arg [-lnosys] ==> lib [nosys]
    arg [-lc] ==> lib [c]
    arg [-lgcc] ==> lib [gcc]
    arg [/home/santos/esp5.1.2/.espressif/tools/xtensa-esp32s3-elf/esp-12.2.0_20230208/xtensa-esp32s3-elf/bin/../lib/gcc/xtensa-esp32s3-elf/12.2.0/crtend.o] ==> obj [/home/santos/esp5.1.2/.espressif/tools/xtensa-esp32s3-elf/esp-12.2.0_20230208/xtensa-esp32s3-elf/bin/../lib/gcc/xtensa-esp32s3-elf/12.2.0/crtend.o]
    arg [/home/santos/esp5.1.2/.espressif/tools/xtensa-esp32s3-elf/esp-12.2.0_20230208/xtensa-esp32s3-elf/bin/../lib/gcc/xtensa-esp32s3-elf/12.2.0/crtn.o] ==> obj [/home/santos/esp5.1.2/.espressif/tools/xtensa-esp32s3-elf/esp-12.2.0_20230208/xtensa-esp32s3-elf/bin/../lib/gcc/xtensa-esp32s3-elf/12.2.0/crtn.o]
  collapse obj [/home/santos/esp5.1.2/.espressif/tools/xtensa-esp32s3-elf/esp-12.2.0_20230208/xtensa-esp32s3-elf/bin/../lib/gcc/xtensa-esp32s3-elf/12.2.0/../../../../xtensa-esp32s3-elf/lib/crt0.o] ==> [/home/santos/esp5.1.2/.espressif/tools/xtensa-esp32s3-elf/esp-12.2.0_20230208/xtensa-esp32s3-elf/xtensa-esp32s3-elf/lib/crt0.o]
  collapse obj [/home/santos/esp5.1.2/.espressif/tools/xtensa-esp32s3-elf/esp-12.2.0_20230208/xtensa-esp32s3-elf/bin/../lib/gcc/xtensa-esp32s3-elf/12.2.0/crti.o] ==> [/home/santos/esp5.1.2/.espressif/tools/xtensa-esp32s3-elf/esp-12.2.0_20230208/xtensa-esp32s3-elf/lib/gcc/xtensa-esp32s3-elf/12.2.0/crti.o]
  collapse obj [/home/santos/esp5.1.2/.espressif/tools/xtensa-esp32s3-elf/esp-12.2.0_20230208/xtensa-esp32s3-elf/bin/../lib/gcc/xtensa-esp32s3-elf/12.2.0/crtbegin.o] ==> [/home/santos/esp5.1.2/.espressif/tools/xtensa-esp32s3-elf/esp-12.2.0_20230208/xtensa-esp32s3-elf/lib/gcc/xtensa-esp32s3-elf/12.2.0/crtbegin.o]
  collapse obj [/home/santos/esp5.1.2/.espressif/tools/xtensa-esp32s3-elf/esp-12.2.0_20230208/xtensa-esp32s3-elf/bin/../lib/gcc/xtensa-esp32s3-elf/12.2.0/crtend.o] ==> [/home/santos/esp5.1.2/.espressif/tools/xtensa-esp32s3-elf/esp-12.2.0_20230208/xtensa-esp32s3-elf/lib/gcc/xtensa-esp32s3-elf/12.2.0/crtend.o]
  collapse obj [/home/santos/esp5.1.2/.espressif/tools/xtensa-esp32s3-elf/esp-12.2.0_20230208/xtensa-esp32s3-elf/bin/../lib/gcc/xtensa-esp32s3-elf/12.2.0/crtn.o] ==> [/home/santos/esp5.1.2/.espressif/tools/xtensa-esp32s3-elf/esp-12.2.0_20230208/xtensa-esp32s3-elf/lib/gcc/xtensa-esp32s3-elf/12.2.0/crtn.o]
  collapse library dir [/home/santos/esp5.1.2/.espressif/tools/xtensa-esp32s3-elf/esp-12.2.0_20230208/xtensa-esp32s3-elf/bin/../lib/gcc/xtensa-esp32s3-elf/12.2.0] ==> [/home/santos/esp5.1.2/.espressif/tools/xtensa-esp32s3-elf/esp-12.2.0_20230208/xtensa-esp32s3-elf/lib/gcc/xtensa-esp32s3-elf/12.2.0]
  collapse library dir [/home/santos/esp5.1.2/.espressif/tools/xtensa-esp32s3-elf/esp-12.2.0_20230208/xtensa-esp32s3-elf/bin/../lib/gcc] ==> [/home/santos/esp5.1.2/.espressif/tools/xtensa-esp32s3-elf/esp-12.2.0_20230208/xtensa-esp32s3-elf/lib/gcc]
  collapse library dir [/home/santos/esp5.1.2/.espressif/tools/xtensa-esp32s3-elf/esp-12.2.0_20230208/xtensa-esp32s3-elf/bin/../lib/gcc/xtensa-esp32s3-elf/12.2.0/../../../../xtensa-esp32s3-elf/lib] ==> [/home/santos/esp5.1.2/.espressif/tools/xtensa-esp32s3-elf/esp-12.2.0_20230208/xtensa-esp32s3-elf/xtensa-esp32s3-elf/lib]
  implicit libs: [gcc;c;nosys;c;gcc]
  implicit objs: [/home/santos/esp5.1.2/.espressif/tools/xtensa-esp32s3-elf/esp-12.2.0_20230208/xtensa-esp32s3-elf/xtensa-esp32s3-elf/lib/crt0.o;/home/santos/esp5.1.2/.espressif/tools/xtensa-esp32s3-elf/esp-12.2.0_20230208/xtensa-esp32s3-elf/lib/gcc/xtensa-esp32s3-elf/12.2.0/crti.o;/home/santos/esp5.1.2/.espressif/tools/xtensa-esp32s3-elf/esp-12.2.0_20230208/xtensa-esp32s3-elf/lib/gcc/xtensa-esp32s3-elf/12.2.0/crtbegin.o;/home/santos/esp5.1.2/.espressif/tools/xtensa-esp32s3-elf/esp-12.2.0_20230208/xtensa-esp32s3-elf/lib/gcc/xtensa-esp32s3-elf/12.2.0/crtend.o;/home/santos/esp5.1.2/.espressif/tools/xtensa-esp32s3-elf/esp-12.2.0_20230208/xtensa-esp32s3-elf/lib/gcc/xtensa-esp32s3-elf/12.2.0/crtn.o]
  implicit dirs: [/home/santos/esp5.1.2/.espressif/tools/xtensa-esp32s3-elf/esp-12.2.0_20230208/xtensa-esp32s3-elf/lib/gcc/xtensa-esp32s3-elf/12.2.0;/home/santos/esp5.1.2/.espressif/tools/xtensa-esp32s3-elf/esp-12.2.0_20230208/xtensa-esp32s3-elf/lib/gcc;/home/santos/esp5.1.2/.espressif/tools/xtensa-esp32s3-elf/esp-12.2.0_20230208/xtensa-esp32s3-elf/xtensa-esp32s3-elf/lib]
  implicit fwks: []


Detecting CXX compiler ABI info compiled with the following output:
Change Dir: /home/santos/Documents/stlab/esp32s3/build/bootloader/CMakeFiles/CMakeTmp

Run Build Command(s):/usr/bin/gmake -f Makefile cmTC_d3eae/fast && gmake[3]: Entering directory '/home/santos/Documents/stlab/esp32s3/build/bootloader/CMakeFiles/CMakeTmp'
/usr/bin/gmake  -f CMakeFiles/cmTC_d3eae.dir/build.make CMakeFiles/cmTC_d3eae.dir/build
gmake[4]: Entering directory '/home/santos/Documents/stlab/esp32s3/build/bootloader/CMakeFiles/CMakeTmp'
Building CXX object CMakeFiles/cmTC_d3eae.dir/CMakeCXXCompilerABI.cpp.obj
/home/santos/esp5.1.2/.espressif/tools/xtensa-esp32s3-elf/esp-12.2.0_20230208/xtensa-esp32s3-elf/bin/xtensa-esp32s3-elf-g++   -mlongcalls     -v -o CMakeFiles/cmTC_d3eae.dir/CMakeCXXCompilerABI.cpp.obj -c /usr/share/cmake-3.22/Modules/CMakeCXXCompilerABI.cpp
Using built-in specs.
COLLECT_GCC=/home/santos/esp5.1.2/.espressif/tools/xtensa-esp32s3-elf/esp-12.2.0_20230208/xtensa-esp32s3-elf/bin/xtensa-esp32s3-elf-g++
Target: xtensa-esp32s3-elf
Configured with: /builds/idf/crosstool-NG/.build/xtensa-esp32s3-elf/src/gcc/configure --build=x86_64-build_pc-linux-gnu --host=x86_64-build_pc-linux-gnu --target=xtensa-esp32s3-elf --prefix=/builds/idf/crosstool-NG/builds/xtensa-esp32s3-elf --exec_prefix=/builds/idf/crosstool-NG/builds/xtensa-esp32s3-elf --with-local-prefix=/builds/idf/crosstool-NG/builds/xtensa-esp32s3-elf/xtensa-esp32s3-elf --with-headers=/builds/idf/crosstool-NG/builds/xtensa-esp32s3-elf/xtensa-esp32s3-elf/include --with-newlib --enable-threads=no --disable-shared --with-pkgversion='crosstool-NG esp-12.2.0_20230208' --disable-__cxa_atexit --enable-cxx-flags=-ffunction-sections --disable-libgomp --disable-libmudflap --disable-libmpx --disable-libssp --disable-libquadmath --disable-libquadmath-support --disable-libstdcxx-verbose --with-gmp=/builds/idf/crosstool-NG/.build/xtensa-esp32s3-elf/buildtools --with-mpfr=/builds/idf/crosstool-NG/.build/xtensa-esp32s3-elf/buildtools --with-mpc=/builds/idf/crosstool-NG/.build/xtensa-esp32s3-elf/buildtools --with-isl=/builds/idf/crosstool-NG/.build/xtensa-esp32s3-elf/buildtools --enable-lto --enable-target-optspace --without-long-double-128 --disable-nls --enable-multiarch --enable-languages=c,c++ --disable-libstdcxx-verbose --enable-threads=posix --enable-gcov-custom-rtio --enable-libstdcxx-time=yes
Thread model: posix
Supported LTO compression algorithms: zlib
gcc version 12.2.0 (crosstool-NG esp-12.2.0_20230208) 
COLLECT_GCC_OPTIONS='-mlongcalls' '-v' '-o' 'CMakeFiles/cmTC_d3eae.dir/CMakeCXXCompilerABI.cpp.obj' '-c' '-dumpdir' 'CMakeFiles/cmTC_d3eae.dir/'
 /home/santos/esp5.1.2/.espressif/tools/xtensa-esp32s3-elf/esp-12.2.0_20230208/xtensa-esp32s3-elf/bin/../libexec/gcc/xtensa-esp32s3-elf/12.2.0/cc1plus -quiet -v -iprefix /home/santos/esp5.1.2/.espressif/tools/xtensa-esp32s3-elf/esp-12.2.0_20230208/xtensa-esp32s3-elf/bin/../lib/gcc/xtensa-esp32s3-elf/12.2.0/ /usr/share/cmake-3.22/Modules/CMakeCXXCompilerABI.cpp -quiet -dumpdir CMakeFiles/cmTC_d3eae.dir/ -dumpbase CMakeCXXCompilerABI.cpp.cpp -dumpbase-ext .cpp -mlongcalls -version -o /tmp/cc27IGsT.s
GNU C++17 (crosstool-NG esp-12.2.0_20230208) version 12.2.0 (xtensa-esp32s3-elf)
	compiled by GNU C version 4.9.2, GMP version 6.2.1, MPFR version 4.1.0, MPC version 1.2.1, isl version isl-0.24-GMP

GGC heuristics: --param ggc-min-expand=100 --param ggc-min-heapsize=131072
ignoring duplicate directory "/home/santos/esp5.1.2/.espressif/tools/xtensa-esp32s3-elf/esp-12.2.0_20230208/xtensa-esp32s3-elf/bin/../lib/gcc/../../lib/gcc/xtensa-esp32s3-elf/12.2.0/../../../../xtensa-esp32s3-elf/include/c++/12.2.0"
ignoring duplicate directory "/home/santos/esp5.1.2/.espressif/tools/xtensa-esp32s3-elf/esp-12.2.0_20230208/xtensa-esp32s3-elf/bin/../lib/gcc/../../lib/gcc/xtensa-esp32s3-elf/12.2.0/../../../../xtensa-esp32s3-elf/include/c++/12.2.0/xtensa-esp32s3-elf"
ignoring duplicate directory "/home/santos/esp5.1.2/.espressif/tools/xtensa-esp32s3-elf/esp-12.2.0_20230208/xtensa-esp32s3-elf/bin/../lib/gcc/../../lib/gcc/xtensa-esp32s3-elf/12.2.0/../../../../xtensa-esp32s3-elf/include/c++/12.2.0/backward"
ignoring duplicate directory "/home/santos/esp5.1.2/.espressif/tools/xtensa-esp32s3-elf/esp-12.2.0_20230208/xtensa-esp32s3-elf/bin/../lib/gcc/../../lib/gcc/xtensa-esp32s3-elf/12.2.0/include"
ignoring duplicate directory "/home/santos/esp5.1.2/.espressif/tools/xtensa-esp32s3-elf/esp-12.2.0_20230208/xtensa-esp32s3-elf/bin/../lib/gcc/../../lib/gcc/xtensa-esp32s3-elf/12.2.0/include-fixed"
ignoring duplicate directory "/home/santos/esp5.1.2/.espressif/tools/xtensa-esp32s3-elf/esp-12.2.0_20230208/xtensa-esp32s3-elf/bin/../lib/gcc/../../lib/gcc/xtensa-esp32s3-elf/12.2.0/../../../../xtensa-esp32s3-elf/sys-include"
ignoring duplicate directory "/home/santos/esp5.1.2/.espressif/tools/xtensa-esp32s3-elf/esp-12.2.0_20230208/xtensa-esp32s3-elf/bin/../lib/gcc/../../lib/gcc/xtensa-esp32s3-elf/12.2.0/../../../../xtensa-esp32s3-elf/include"
#include "..." search starts here:
#include <...> search starts here:
 /home/santos/esp5.1.2/.espressif/tools/xtensa-esp32s3-elf/esp-12.2.0_20230208/xtensa-esp32s3-elf/bin/../lib/gcc/xtensa-esp32s3-elf/12.2.0/../../../../xtensa-esp32s3-elf/include/c++/12.2.0
 /home/santos/esp5.1.2/.espressif/tools/xtensa-esp32s3-elf/esp-12.2.0_20230208/xtensa-esp32s3-elf/bin/../lib/gcc/xtensa-esp32s3-elf/12.2.0/../../../../xtensa-esp32s3-elf/include/c++/12.2.0/xtensa-esp32s3-elf
 /home/santos/esp5.1.2/.espressif/tools/xtensa-esp32s3-elf/esp-12.2.0_20230208/xtensa-esp32s3-elf/bin/../lib/gcc/xtensa-esp32s3-elf/12.2.0/../../../../xtensa-esp32s3-elf/include/c++/12.2.0/backward
 /home/santos/esp5.1.2/.espressif/tools/xtensa-esp32s3-elf/esp-12.2.0_20230208/xtensa-esp32s3-elf/bin/../lib/gcc/xtensa-esp32s3-elf/12.2.0/include
 /home/santos/esp5.1.2/.espressif/tools/xtensa-esp32s3-elf/esp-12.2.0_20230208/xtensa-esp32s3-elf/bin/../lib/gcc/xtensa-esp32s3-elf/12.2.0/include-fixed
 /home/santos/esp5.1.2/.espressif/tools/xtensa-esp32s3-elf/esp-12.2.0_20230208/xtensa-esp32s3-elf/bin/../lib/gcc/xtensa-esp32s3-elf/12.2.0/../../../../xtensa-esp32s3-elf/sys-include
 /home/santos/esp5.1.2/.espressif/tools/xtensa-esp32s3-elf/esp-12.2.0_20230208/xtensa-esp32s3-elf/bin/../lib/gcc/xtensa-esp32s3-elf/12.2.0/../../../../xtensa-esp32s3-elf/include
End of search list.
GNU C++17 (crosstool-NG esp-12.2.0_20230208) version 12.2.0 (xtensa-esp32s3-elf)
	compiled by GNU C version 4.9.2, GMP version 6.2.1, MPFR version 4.1.0, MPC version 1.2.1, isl version isl-0.24-GMP

GGC heuristics: --param ggc-min-expand=100 --param ggc-min-heapsize=131072
Compiler executable checksum: 79a1e6018e5d3fdbef5e02b3475aa2a9
COLLECT_GCC_OPTIONS='-mlongcalls' '-v' '-o' 'CMakeFiles/cmTC_d3eae.dir/CMakeCXXCompilerABI.cpp.obj' '-c' '-dumpdir' 'CMakeFiles/cmTC_d3eae.dir/'
 /home/santos/esp5.1.2/.espressif/tools/xtensa-esp32s3-elf/esp-12.2.0_20230208/xtensa-esp32s3-elf/bin/../lib/gcc/xtensa-esp32s3-elf/12.2.0/../../../../xtensa-esp32s3-elf/bin/as --traditional-format --longcalls -o CMakeFiles/cmTC_d3eae.dir/CMakeCXXCompilerABI.cpp.obj /tmp/cc27IGsT.s
COMPILER_PATH=/home/santos/esp5.1.2/.espressif/tools/xtensa-esp32s3-elf/esp-12.2.0_20230208/xtensa-esp32s3-elf/bin/../libexec/gcc/xtensa-esp32s3-elf/12.2.0/:/home/santos/esp5.1.2/.espressif/tools/xtensa-esp32s3-elf/esp-12.2.0_20230208/xtensa-esp32s3-elf/bin/../libexec/gcc/:/home/santos/esp5.1.2/.espressif/tools/xtensa-esp32s3-elf/esp-12.2.0_20230208/xtensa-esp32s3-elf/bin/../lib/gcc/xtensa-esp32s3-elf/12.2.0/../../../../xtensa-esp32s3-elf/bin/
LIBRARY_PATH=/home/santos/esp5.1.2/.espressif/tools/xtensa-esp32s3-elf/esp-12.2.0_20230208/xtensa-esp32s3-elf/bin/../lib/gcc/xtensa-esp32s3-elf/12.2.0/:/home/santos/esp5.1.2/.espressif/tools/xtensa-esp32s3-elf/esp-12.2.0_20230208/xtensa-esp32s3-elf/bin/../lib/gcc/:/home/santos/esp5.1.2/.espressif/tools/xtensa-esp32s3-elf/esp-12.2.0_20230208/xtensa-esp32s3-elf/bin/../lib/gcc/xtensa-esp32s3-elf/12.2.0/../../../../xtensa-esp32s3-elf/lib/
COLLECT_GCC_OPTIONS='-mlongcalls' '-v' '-o' 'CMakeFiles/cmTC_d3eae.dir/CMakeCXXCompilerABI.cpp.obj' '-c' '-dumpdir' 'CMakeFiles/cmTC_d3eae.dir/CMakeCXXCompilerABI.cpp.'
Linking CXX executable cmTC_d3eae
/usr/bin/cmake -E cmake_link_script CMakeFiles/cmTC_d3eae.dir/link.txt --verbose=1
/home/santos/esp5.1.2/.espressif/tools/xtensa-esp32s3-elf/esp-12.2.0_20230208/xtensa-esp32s3-elf/bin/xtensa-esp32s3-elf-g++ -mlongcalls    -v CMakeFiles/cmTC_d3eae.dir/CMakeCXXCompilerABI.cpp.obj -o cmTC_d3eae 
Using built-in specs.
COLLECT_GCC=/home/santos/esp5.1.2/.espressif/tools/xtensa-esp32s3-elf/esp-12.2.0_20230208/xtensa-esp32s3-elf/bin/xtensa-esp32s3-elf-g++
COLLECT_LTO_WRAPPER=/home/santos/esp5.1.2/.espressif/tools/xtensa-esp32s3-elf/esp-12.2.0_20230208/xtensa-esp32s3-elf/bin/../libexec/gcc/xtensa-esp32s3-elf/12.2.0/lto-wrapper
Target: xtensa-esp32s3-elf
Configured with: /builds/idf/crosstool-NG/.build/xtensa-esp32s3-elf/src/gcc/configure --build=x86_64-build_pc-linux-gnu --host=x86_64-build_pc-linux-gnu --target=xtensa-esp32s3-elf --prefix=/builds/idf/crosstool-NG/builds/xtensa-esp32s3-elf --exec_prefix=/builds/idf/crosstool-NG/builds/xtensa-esp32s3-elf --with-local-prefix=/builds/idf/crosstool-NG/builds/xtensa-esp32s3-elf/xtensa-esp32s3-elf --with-headers=/builds/idf/crosstool-NG/builds/xtensa-esp32s3-elf/xtensa-esp32s3-elf/include --with-newlib --enable-threads=no --disable-shared --with-pkgversion='crosstool-NG esp-12.2.0_20230208' --disable-__cxa_atexit --enable-cxx-flags=-ffunction-sections --disable-libgomp --disable-libmudflap --disable-libmpx --disable-libssp --disable-libquadmath --disable-libquadmath-support --disable-libstdcxx-verbose --with-gmp=/builds/idf/crosstool-NG/.build/xtensa-esp32s3-elf/buildtools --with-mpfr=/builds/idf/crosstool-NG/.build/xtensa-esp32s3-elf/buildtools --with-mpc=/builds/idf/crosstool-NG/.build/xtensa-esp32s3-elf/buildtools --with-isl=/builds/idf/crosstool-NG/.build/xtensa-esp32s3-elf/buildtools --enable-lto --enable-target-optspace --without-long-double-128 --disable-nls --enable-multiarch --enable-languages=c,c++ --disable-libstdcxx-verbose --enable-threads=posix --enable-gcov-custom-rtio --enable-libstdcxx-time=yes
Thread model: posix
Supported LTO compression algorithms: zlib
gcc version 12.2.0 (crosstool-NG esp-12.2.0_20230208) 
COMPILER_PATH=/home/santos/esp5.1.2/.espressif/tools/xtensa-esp32s3-elf/esp-12.2.0_20230208/xtensa-esp32s3-elf/bin/../libexec/gcc/xtensa-esp32s3-elf/12.2.0/:/home/santos/esp5.1.2/.espressif/tools/xtensa-esp32s3-elf/esp-12.2.0_20230208/xtensa-esp32s3-elf/bin/../libexec/gcc/:/home/santos/esp5.1.2/.espressif/tools/xtensa-esp32s3-elf/esp-12.2.0_20230208/xtensa-esp32s3-elf/bin/../lib/gcc/xtensa-esp32s3-elf/12.2.0/../../../../xtensa-esp32s3-elf/bin/
LIBRARY_PATH=/home/santos/esp5.1.2/.espressif/tools/xtensa-esp32s3-elf/esp-12.2.0_20230208/xtensa-esp32s3-elf/bin/../lib/gcc/xtensa-esp32s3-elf/12.2.0/:/home/santos/esp5.1.2/.espressif/tools/xtensa-esp32s3-elf/esp-12.2.0_20230208/xtensa-esp32s3-elf/bin/../lib/gcc/:/home/santos/esp5.1.2/.espressif/tools/xtensa-esp32s3-elf/esp-12.2.0_20230208/xtensa-esp32s3-elf/bin/../lib/gcc/xtensa-esp32s3-elf/12.2.0/../../../../xtensa-esp32s3-elf/lib/
COLLECT_GCC_OPTIONS='-mlongcalls' '-v' '-o' 'cmTC_d3eae' '-dumpdir' 'cmTC_d3eae.'
 /home/santos/esp5.1.2/.espressif/tools/xtensa-esp32s3-elf/esp-12.2.0_20230208/xtensa-esp32s3-elf/bin/../libexec/gcc/xtensa-esp32s3-elf/12.2.0/collect2 -plugin /home/santos/esp5.1.2/.espressif/tools/xtensa-esp32s3-elf/esp-12.2.0_20230208/xtensa-esp32s3-elf/bin/../libexec/gcc/xtensa-esp32s3-elf/12.2.0/liblto_plugin.so -plugin-opt=/home/santos/esp5.1.2/.espressif/tools/xtensa-esp32s3-elf/esp-12.2.0_20230208/xtensa-esp32s3-elf/bin/../libexec/gcc/xtensa-esp32s3-elf/12.2.0/lto-wrapper -plugin-opt=-fresolution=/tmp/ccwQJQZD.res -plugin-opt=-pass-through=-lgcc -plugin-opt=-pass-through=-lc -plugin-opt=-pass-through=-lnosys -plugin-opt=-pass-through=-lc -plugin-opt=-pass-through=-lgcc -o cmTC_d3eae /home/santos/esp5.1.2/.espressif/tools/xtensa-esp32s3-elf/esp-12.2.0_20230208/xtensa-esp32s3-elf/bin/../lib/gcc/xtensa-esp32s3-elf/12.2.0/../../../../xtensa-esp32s3-elf/lib/crt0.o /home/santos/esp5.1.2/.espressif/tools/xtensa-esp32s3-elf/esp-12.2.0_20230208/xtensa-esp32s3-elf/bin/../lib/gcc/xtensa-esp32s3-elf/12.2.0/crti.o /home/santos/esp5.1.2/.espressif/tools/xtensa-esp32s3-elf/esp-12.2.0_20230208/xtensa-esp32s3-elf/bin/../lib/gcc/xtensa-esp32s3-elf/12.2.0/crtbegin.o -L/home/santos/esp5.1.2/.espressif/tools/xtensa-esp32s3-elf/esp-12.2.0_20230208/xtensa-esp32s3-elf/bin/../lib/gcc/xtensa-esp32s3-elf/12.2.0 -L/home/santos/esp5.1.2/.espressif/tools/xtensa-esp32s3-elf/esp-12.2.0_20230208/xtensa-esp32s3-elf/bin/../lib/gcc -L/home/santos/esp5.1.2/.espressif/tools/xtensa-esp32s3-elf/esp-12.2.0_20230208/xtensa-esp32s3-elf/bin/../lib/gcc/xtensa-esp32s3-elf/12.2.0/../../../../xtensa-esp32s3-elf/lib CMakeFiles/cmTC_d3eae.dir/CMakeCXXCompilerABI.cpp.obj -lstdc++ -lm -lgcc -lc -lnosys -lc -lgcc /home/santos/esp5.1.2/.espressif/tools/xtensa-esp32s3-elf/esp-12.2.0_20230208/xtensa-esp32s3-elf/bin/../lib/gcc/xtensa-esp32s3-elf/12.2.0/crtend.o /home/santos/esp5.1.2/.espressif/tools/xtensa-esp32s3-elf/esp-12.2.0_20230208/xtensa-esp32s3-elf/bin/../lib/gcc/xtensa-esp32s3-elf/12.2.0/crtn.o
COLLECT_GCC_OPTIONS='-mlongcalls' '-v' '-o' 'cmTC_d3eae' '-dumpdir' 'cmTC_d3eae.'
gmake[4]: Leaving directory '/home/santos/Documents/stlab/esp32s3/build/bootloader/CMakeFiles/CMakeTmp'
gmake[3]: Leaving directory '/home/santos/Documents/stlab/esp32s3/build/bootloader/CMakeFiles/CMakeTmp'



Parsed CXX implicit include dir info from above output: rv=done
  found start of include info
  found start of implicit include info
    add: [/home/santos/esp5.1.2/.espressif/tools/xtensa-esp32s3-elf/esp-12.2.0_20230208/xtensa-esp32s3-elf/bin/../lib/gcc/xtensa-esp32s3-elf/12.2.0/../../../../xtensa-esp32s3-elf/include/c++/12.2.0]
    add: [/home/santos/esp5.1.2/.espressif/tools/xtensa-esp32s3-elf/esp-12.2.0_20230208/xtensa-esp32s3-elf/bin/../lib/gcc/xtensa-esp32s3-elf/12.2.0/../../../../xtensa-esp32s3-elf/include/c++/12.2.0/xtensa-esp32s3-elf]
    add: [/home/santos/esp5.1.2/.espressif/tools/xtensa-esp32s3-elf/esp-12.2.0_20230208/xtensa-esp32s3-elf/bin/../lib/gcc/xtensa-esp32s3-elf/12.2.0/../../../../xtensa-esp32s3-elf/include/c++/12.2.0/backward]
    add: [/home/santos/esp5.1.2/.espressif/tools/xtensa-esp32s3-elf/esp-12.2.0_20230208/xtensa-esp32s3-elf/bin/../lib/gcc/xtensa-esp32s3-elf/12.2.0/include]
    add: [/home/santos/esp5.1.2/.espressif/tools/xtensa-esp32s3-elf/esp-12.2.0_20230208/xtensa-esp32s3-elf/bin/../lib/gcc/xtensa-esp32s3-elf/12.2.0/include-fixed]
    add: [/home/santos/esp5.1.2/.espressif/tools/xtensa-esp32s3-elf/esp-12.2.0_20230208/xtensa-esp32s3-elf/bin/../lib/gcc/xtensa-esp32s3-elf/12.2.0/../../../../xtensa-esp32s3-elf/sys-include]
    add: [/home/santos/esp5.1.2/.espressif/tools/xtensa-esp32s3-elf/esp-12.2.0_20230208/xtensa-esp32s3-elf/bin/../lib/gcc/xtensa-esp32s3-elf/12.2.0/../../../../xtensa-esp32s3-elf/include]
  end of search list found
  collapse include dir [/home/santos/esp5.1.2/.espressif/tools/xtensa-esp32s3-elf/esp-12.2.0_20230208/xtensa-esp32s3-elf/bin/../lib/gcc/xtensa-esp32s3-elf/12.2.0/../../../../xtensa-esp32s3-elf/include/c++/12.2.0] ==> [/home/santos/esp5.1.2/.espressif/tools/xtensa-esp32s3-elf/esp-12.2.0_20230208/xtensa-esp32s3-elf/xtensa-esp32s3-elf/include/c++/12.2.0]
  collapse include dir [/home/santos/esp5.1.2/.espressif/tools/xtensa-esp32s3-elf/esp-12.2.0_20230208/xtensa-esp32s3-elf/bin/../lib/gcc/xtensa-esp32s3-elf/12.2.0/../../../../xtensa-esp32s3-elf/include/c++/12.2.0/xtensa-esp32s3-elf] ==> [/home/santos/esp5.1.2/.espressif/tools/xtensa-esp32s3-elf/esp-12.2.0_20230208/xtensa-esp32s3-elf/xtensa-esp32s3-elf/include/c++/12.2.0/xtensa-esp32s3-elf]
  collapse include dir [/home/santos/esp5.1.2/.espressif/tools/xtensa-esp32s3-elf/esp-12.2.0_20230208/xtensa-esp32s3-elf/bin/../lib/gcc/xtensa-esp32s3-elf/12.2.0/../../../../xtensa-esp32s3-elf/include/c++/12.2.0/backward] ==> [/home/santos/esp5.1.2/.espressif/tools/xtensa-esp32s3-elf/esp-12.2.0_20230208/xtensa-esp32s3-elf/xtensa-esp32s3-elf/include/c++/12.2.0/backward]
  collapse include dir [/home/santos/esp5.1.2/.espressif/tools/xtensa-esp32s3-elf/esp-12.2.0_20230208/xtensa-esp32s3-elf/bin/../lib/gcc/xtensa-esp32s3-elf/12.2.0/include] ==> [/home/santos/esp5.1.2/.espressif/tools/xtensa-esp32s3-elf/esp-12.2.0_20230208/xtensa-esp32s3-elf/lib/gcc/xtensa-esp32s3-elf/12.2.0/include]
  collapse include dir [/home/santos/esp5.1.2/.espressif/tools/xtensa-esp32s3-elf/esp-12.2.0_20230208/xtensa-esp32s3-elf/bin/../lib/gcc/xtensa-esp32s3-elf/12.2.0/include-fixed] ==> [/home/santos/esp5.1.2/.espressif/tools/xtensa-esp32s3-elf/esp-12.2.0_20230208/xtensa-esp32s3-elf/lib/gcc/xtensa-esp32s3-elf/12.2.0/include-fixed]
  collapse include dir [/home/santos/esp5.1.2/.espressif/tools/xtensa-esp32s3-elf/esp-12.2.0_20230208/xtensa-esp32s3-elf/bin/../lib/gcc/xtensa-esp32s3-elf/12.2.0/../../../../xtensa-esp32s3-elf/sys-include] ==> [/home/santos/esp5.1.2/.espressif/tools/xtensa-esp32s3-elf/esp-12.2.0_20230208/xtensa-esp32s3-elf/xtensa-esp32s3-elf/sys-include]
  collapse include dir [/home/santos/esp5.1.2/.espressif/tools/xtensa-esp32s3-elf/esp-12.2.0_20230208/xtensa-esp32s3-elf/bin/../lib/gcc/xtensa-esp32s3-elf/12.2.0/../../../../xtensa-esp32s3-elf/include] ==> [/home/santos/esp5.1.2/.espressif/tools/xtensa-esp32s3-elf/esp-12.2.0_20230208/xtensa-esp32s3-elf/xtensa-esp32s3-elf/include]
  implicit include dirs: [/home/santos/esp5.1.2/.espressif/tools/xtensa-esp32s3-elf/esp-12.2.0_20230208/xtensa-esp32s3-elf/xtensa-esp32s3-elf/include/c++/12.2.0;/home/santos/esp5.1.2/.espressif/tools/xtensa-esp32s3-elf/esp-12.2.0_20230208/xtensa-esp32s3-elf/xtensa-esp32s3-elf/include/c++/12.2.0/xtensa-esp32s3-elf;/home/santos/esp5.1.2/.espressif/tools/xtensa-esp32s3-elf/esp-12.2.0_20230208/xtensa-esp32s3-elf/xtensa-esp32s3-elf/include/c++/12.2.0/backward;/home/santos/esp5.1.2/.espressif/tools/xtensa-esp32s3-elf/esp-12.2.0_20230208/xtensa-esp32s3-elf/lib/gcc/xtensa-esp32s3-elf/12.2.0/include;/home/santos/esp5.1.2/.espressif/tools/xtensa-esp32s3-elf/esp-12.2.0_20230208/xtensa-esp32s3-elf/lib/gcc/xtensa-esp32s3-elf/12.2.0/include-fixed;/home/santos/esp5.1.2/.espressif/tools/xtensa-esp32s3-elf/esp-12.2.0_20230208/xtensa-esp32s3-elf/xtensa-esp32s3-elf/sys-include;/home/santos/esp5.1.2/.espressif/tools/xtensa-esp32s3-elf/esp-12.2.0_20230208/xtensa-esp32s3-elf/xtensa-esp32s3-elf/include]


Parsed CXX implicit link information from above output:
  link line regex: [^( *|.*[/\])(xtensa-esp32s3-elf-ld|CMAKE_LINK_STARTFILE-NOTFOUND|([^/\]+-)?ld|collect2)[^/\]*( |$)]
  ignore line: [Change Dir: /home/santos/Documents/stlab/esp32s3/build/bootloader/CMakeFiles/CMakeTmp]
  ignore line: []
  ignore line: [Run Build Command(s):/usr/bin/gmake -f Makefile cmTC_d3eae/fast && gmake[3]: Entering directory '/home/santos/Documents/stlab/esp32s3/build/bootloader/CMakeFiles/CMakeTmp']
  ignore line: [/usr/bin/gmake  -f CMakeFiles/cmTC_d3eae.dir/build.make CMakeFiles/cmTC_d3eae.dir/build]
  ignore line: [gmake[4]: Entering directory '/home/santos/Documents/stlab/esp32s3/build/bootloader/CMakeFiles/CMakeTmp']
  ignore line: [Building CXX object CMakeFiles/cmTC_d3eae.dir/CMakeCXXCompilerABI.cpp.obj]
  ignore line: [/home/santos/esp5.1.2/.espressif/tools/xtensa-esp32s3-elf/esp-12.2.0_20230208/xtensa-esp32s3-elf/bin/xtensa-esp32s3-elf-g++   -mlongcalls     -v -o CMakeFiles/cmTC_d3eae.dir/CMakeCXXCompilerABI.cpp.obj -c /usr/share/cmake-3.22/Modules/CMakeCXXCompilerABI.cpp]
  ignore line: [Using built-in specs.]
  ignore line: [COLLECT_GCC=/home/santos/esp5.1.2/.espressif/tools/xtensa-esp32s3-elf/esp-12.2.0_20230208/xtensa-esp32s3-elf/bin/xtensa-esp32s3-elf-g++]
  ignore line: [Target: xtensa-esp32s3-elf]
  ignore line: [Configured with: /builds/idf/crosstool-NG/.build/xtensa-esp32s3-elf/src/gcc/configure --build=x86_64-build_pc-linux-gnu --host=x86_64-build_pc-linux-gnu --target=xtensa-esp32s3-elf --prefix=/builds/idf/crosstool-NG/builds/xtensa-esp32s3-elf --exec_prefix=/builds/idf/crosstool-NG/builds/xtensa-esp32s3-elf --with-local-prefix=/builds/idf/crosstool-NG/builds/xtensa-esp32s3-elf/xtensa-esp32s3-elf --with-headers=/builds/idf/crosstool-NG/builds/xtensa-esp32s3-elf/xtensa-esp32s3-elf/include --with-newlib --enable-threads=no --disable-shared --with-pkgversion='crosstool-NG esp-12.2.0_20230208' --disable-__cxa_atexit --enable-cxx-flags=-ffunction-sections --disable-libgomp --disable-libmudflap --disable-libmpx --disable-libssp --disable-libquadmath --disable-libquadmath-support --disable-libstdcxx-verbose --with-gmp=/builds/idf/crosstool-NG/.build/xtensa-esp32s3-elf/buildtools --with-mpfr=/builds/idf/crosstool-NG/.build/xtensa-esp32s3-elf/buildtools --with-mpc=/builds/idf/crosstool-NG/.build/xtensa-esp32s3-elf/buildtools --with-isl=/builds/idf/crosstool-NG/.build/xtensa-esp32s3-elf/buildtools --enable-lto --enable-target-optspace --without-long-double-128 --disable-nls --enable-multiarch --enable-languages=c c++ --disable-libstdcxx-verbose --enable-threads=posix --enable-gcov-custom-rtio --enable-libstdcxx-time=yes]
  ignore line: [Thread model: posix]
  ignore line: [Supported LTO compression algorithms: zlib]
  ignore line: [gcc version 12.2.0 (crosstool-NG esp-12.2.0_20230208) ]
  ignore line: [COLLECT_GCC_OPTIONS='-mlongcalls' '-v' '-o' 'CMakeFiles/cmTC_d3eae.dir/CMakeCXXCompilerABI.cpp.obj' '-c' '-dumpdir' 'CMakeFiles/cmTC_d3eae.dir/']
  ignore line: [ /home/santos/esp5.1.2/.espressif/tools/xtensa-esp32s3-elf/esp-12.2.0_20230208/xtensa-esp32s3-elf/bin/../libexec/gcc/xtensa-esp32s3-elf/12.2.0/cc1plus -quiet -v -iprefix /home/santos/esp5.1.2/.espressif/tools/xtensa-esp32s3-elf/esp-12.2.0_20230208/xtensa-esp32s3-elf/bin/../lib/gcc/xtensa-esp32s3-elf/12.2.0/ /usr/share/cmake-3.22/Modules/CMakeCXXCompilerABI.cpp -quiet -dumpdir CMakeFiles/cmTC_d3eae.dir/ -dumpbase CMakeCXXCompilerABI.cpp.cpp -dumpbase-ext .cpp -mlongcalls -version -o /tmp/cc27IGsT.s]
  ignore line: [GNU C++17 (crosstool-NG esp-12.2.0_20230208) version 12.2.0 (xtensa-esp32s3-elf)]
  ignore line: [	compiled by GNU C version 4.9.2  GMP version 6.2.1  MPFR version 4.1.0  MPC version 1.2.1  isl version isl-0.24-GMP]
  ignore line: []
  ignore line: [GGC heuristics: --param ggc-min-expand=100 --param ggc-min-heapsize=131072]
  ignore line: [ignoring duplicate directory "/home/santos/esp5.1.2/.espressif/tools/xtensa-esp32s3-elf/esp-12.2.0_20230208/xtensa-esp32s3-elf/bin/../lib/gcc/../../lib/gcc/xtensa-esp32s3-elf/12.2.0/../../../../xtensa-esp32s3-elf/include/c++/12.2.0"]
  ignore line: [ignoring duplicate directory "/home/santos/esp5.1.2/.espressif/tools/xtensa-esp32s3-elf/esp-12.2.0_20230208/xtensa-esp32s3-elf/bin/../lib/gcc/../../lib/gcc/xtensa-esp32s3-elf/12.2.0/../../../../xtensa-esp32s3-elf/include/c++/12.2.0/xtensa-esp32s3-elf"]
  ignore line: [ignoring duplicate directory "/home/santos/esp5.1.2/.espressif/tools/xtensa-esp32s3-elf/esp-12.2.0_20230208/xtensa-esp32s3-elf/bin/../lib/gcc/../../lib/gcc/xtensa-esp32s3-elf/12.2.0/../../../../xtensa-esp32s3-elf/include/c++/12.2.0/backward"]
  ignore line: [ignoring duplicate directory "/home/santos/esp5.1.2/.espressif/tools/xtensa-esp32s3-elf/esp-12.2.0_20230208/xtensa-esp32s3-elf/bin/../lib/gcc/../../lib/gcc/xtensa-esp32s3-elf/12.2.0/include"]
  ignore line: [ignoring duplicate directory "/home/santos/esp5.1.2/.espressif/tools/xtensa-esp32s3-elf/esp-12.2.0_20230208/xtensa-esp32s3-elf/bin/../lib/gcc/../../lib/gcc/xtensa-esp32s3-elf/12.2.0/include-fixed"]
  ignore line: [ignoring duplicate directory "/home/santos/esp5.1.2/.espressif/tools/xtensa-esp32s3-elf/esp-12.2.0_20230208/xtensa-esp32s3-elf/bin/../lib/gcc/../../lib/gcc/xtensa-esp32s3-elf/12.2.0/../../../../xtensa-esp32s3-elf/sys-include"]
  ignore line: [ignoring duplicate directory "/home/santos/esp5.1.2/.espressif/tools/xtensa-esp32s3-elf/esp-12.2.0_20230208/xtensa-esp32s3-elf/bin/../lib/gcc/../../lib/gcc/xtensa-esp32s3-elf/12.2.0/../../../../xtensa-esp32s3-elf/include"]
  ignore line: [#include "..." search starts here:]
  ignore line: [#include <...> search starts here:]
  ignore line: [ /home/santos/esp5.1.2/.espressif/tools/xtensa-esp32s3-elf/esp-12.2.0_20230208/xtensa-esp32s3-elf/bin/../lib/gcc/xtensa-esp32s3-elf/12.2.0/../../../../xtensa-esp32s3-elf/include/c++/12.2.0]
  ignore line: [ /home/santos/esp5.1.2/.espressif/tools/xtensa-esp32s3-elf/esp-12.2.0_20230208/xtensa-esp32s3-elf/bin/../lib/gcc/xtensa-esp32s3-elf/12.2.0/../../../../xtensa-esp32s3-elf/include/c++/12.2.0/xtensa-esp32s3-elf]
  ignore line: [ /home/santos/esp5.1.2/.espressif/tools/xtensa-esp32s3-elf/esp-12.2.0_20230208/xtensa-esp32s3-elf/bin/../lib/gcc/xtensa-esp32s3-elf/12.2.0/../../../../xtensa-esp32s3-elf/include/c++/12.2.0/backward]
  ignore line: [ /home/santos/esp5.1.2/.espressif/tools/xtensa-esp32s3-elf/esp-12.2.0_20230208/xtensa-esp32s3-elf/bin/../lib/gcc/xtensa-esp32s3-elf/12.2.0/include]
  ignore line: [ /home/santos/esp5.1.2/.espressif/tools/xtensa-esp32s3-elf/esp-12.2.0_20230208/xtensa-esp32s3-elf/bin/../lib/gcc/xtensa-esp32s3-elf/12.2.0/include-fixed]
  ignore line: [ /home/santos/esp5.1.2/.espressif/tools/xtensa-esp32s3-elf/esp-12.2.0_20230208/xtensa-esp32s3-elf/bin/../lib/gcc/xtensa-esp32s3-elf/12.2.0/../../../../xtensa-esp32s3-elf/sys-include]
  ignore line: [ /home/santos/esp5.1.2/.espressif/tools/xtensa-esp32s3-elf/esp-12.2.0_20230208/xtensa-esp32s3-elf/bin/../lib/gcc/xtensa-esp32s3-elf/12.2.0/../../../../xtensa-esp32s3-elf/include]
  ignore line: [End of search list.]
  ignore line: [GNU C++17 (crosstool-NG esp-12.2.0_20230208) version 12.2.0 (xtensa-esp32s3-elf)]
  ignore line: [	compiled by GNU C version 4.9.2  GMP version 6.2.1  MPFR version 4.1.0  MPC version 1.2.1  isl version isl-0.24-GMP]
  ignore line: []
  ignore line: [GGC heuristics: --param ggc-min-expand=100 --param ggc-min-heapsize=131072]
  ignore line: [Compiler executable checksum: 79a1e6018e5d3fdbef5e02b3475aa2a9]
  ignore line: [COLLECT_GCC_OPTIONS='-mlongcalls' '-v' '-o' 'CMakeFiles/cmTC_d3eae.dir/CMakeCXXCompilerABI.cpp.obj' '-c' '-dumpdir' 'CMakeFiles/cmTC_d3eae.dir/']
  ignore line: [ /home/santos/esp5.1.2/.espressif/tools/xtensa-esp32s3-elf/esp-12.2.0_20230208/xtensa-esp32s3-elf/bin/../lib/gcc/xtensa-esp32s3-elf/12.2.0/../../../../xtensa-esp32s3-elf/bin/as --traditional-format --longcalls -o CMakeFiles/cmTC_d3eae.dir/CMakeCXXCompilerABI.cpp.obj /tmp/cc27IGsT.s]
  ignore line: [COMPILER_PATH=/home/santos/esp5.1.2/.espressif/tools/xtensa-esp32s3-elf/esp-12.2.0_20230208/xtensa-esp32s3-elf/bin/../libexec/gcc/xtensa-esp32s3-elf/12.2.0/:/home/santos/esp5.1.2/.espressif/tools/xtensa-esp32s3-elf/esp-12.2.0_20230208/xtensa-esp32s3-elf/bin/../libexec/gcc/:/home/santos/esp5.1.2/.espressif/tools/xtensa-esp32s3-elf/esp-12.2.0_20230208/xtensa-esp32s3-elf/bin/../lib/gcc/xtensa-esp32s3-elf/12.2.0/../../../../xtensa-esp32s3-elf/bin/]
  ignore line: [LIBRARY_PATH=/home/santos/esp5.1.2/.espressif/tools/xtensa-esp32s3-elf/esp-12.2.0_20230208/xtensa-esp32s3-elf/bin/../lib/gcc/xtensa-esp32s3-elf/12.2.0/:/home/santos/esp5.1.2/.espressif/tools/xtensa-esp32s3-elf/esp-12.2.0_20230208/xtensa-esp32s3-elf/bin/../lib/gcc/:/home/santos/esp5.1.2/.espressif/tools/xtensa-esp32s3-elf/esp-12.2.0_20230208/xtensa-esp32s3-elf/bin/../lib/gcc/xtensa-esp32s3-elf/12.2.0/../../../../xtensa-esp32s3-elf/lib/]
  ignore line: [COLLECT_GCC_OPTIONS='-mlongcalls' '-v' '-o' 'CMakeFiles/cmTC_d3eae.dir/CMakeCXXCompilerABI.cpp.obj' '-c' '-dumpdir' 'CMakeFiles/cmTC_d3eae.dir/CMakeCXXCompilerABI.cpp.']
  ignore line: [Linking CXX executable cmTC_d3eae]
  ignore line: [/usr/bin/cmake -E cmake_link_script CMakeFiles/cmTC_d3eae.dir/link.txt --verbose=1]
  ignore line: [/home/santos/esp5.1.2/.espressif/tools/xtensa-esp32s3-elf/esp-12.2.0_20230208/xtensa-esp32s3-elf/bin/xtensa-esp32s3-elf-g++ -mlongcalls    -v CMakeFiles/cmTC_d3eae.dir/CMakeCXXCompilerABI.cpp.obj -o cmTC_d3eae ]
  ignore line: [Using built-in specs.]
  ignore line: [COLLECT_GCC=/home/santos/esp5.1.2/.espressif/tools/xtensa-esp32s3-elf/esp-12.2.0_20230208/xtensa-esp32s3-elf/bin/xtensa-esp32s3-elf-g++]
  ignore line: [COLLECT_LTO_WRAPPER=/home/santos/esp5.1.2/.espressif/tools/xtensa-esp32s3-elf/esp-12.2.0_20230208/xtensa-esp32s3-elf/bin/../libexec/gcc/xtensa-esp32s3-elf/12.2.0/lto-wrapper]
  ignore line: [Target: xtensa-esp32s3-elf]
  ignore line: [Configured with: /builds/idf/crosstool-NG/.build/xtensa-esp32s3-elf/src/gcc/configure --build=x86_64-build_pc-linux-gnu --host=x86_64-build_pc-linux-gnu --target=xtensa-esp32s3-elf --prefix=/builds/idf/crosstool-NG/builds/xtensa-esp32s3-elf --exec_prefix=/builds/idf/crosstool-NG/builds/xtensa-esp32s3-elf --with-local-prefix=/builds/idf/crosstool-NG/builds/xtensa-esp32s3-elf/xtensa-esp32s3-elf --with-headers=/builds/idf/crosstool-NG/builds/xtensa-esp32s3-elf/xtensa-esp32s3-elf/include --with-newlib --enable-threads=no --disable-shared --with-pkgversion='crosstool-NG esp-12.2.0_20230208' --disable-__cxa_atexit --enable-cxx-flags=-ffunction-sections --disable-libgomp --disable-libmudflap --disable-libmpx --disable-libssp --disable-libquadmath --disable-libquadmath-support --disable-libstdcxx-verbose --with-gmp=/builds/idf/crosstool-NG/.build/xtensa-esp32s3-elf/buildtools --with-mpfr=/builds/idf/crosstool-NG/.build/xtensa-esp32s3-elf/buildtools --with-mpc=/builds/idf/crosstool-NG/.build/xtensa-esp32s3-elf/buildtools --with-isl=/builds/idf/crosstool-NG/.build/xtensa-esp32s3-elf/buildtools --enable-lto --enable-target-optspace --without-long-double-128 --disable-nls --enable-multiarch --enable-languages=c c++ --disable-libstdcxx-verbose --enable-threads=posix --enable-gcov-custom-rtio --enable-libstdcxx-time=yes]
  ignore line: [Thread model: posix]
  ignore line: [Supported LTO compression algorithms: zlib]
  ignore line: [gcc version 12.2.0 (crosstool-NG esp-12.2.0_20230208) ]
  ignore line: [COMPILER_PATH=/home/santos/esp5.1.2/.espressif/tools/xtensa-esp32s3-elf/esp-12.2.0_20230208/xtensa-esp32s3-elf/bin/../libexec/gcc/xtensa-esp32s3-elf/12.2.0/:/home/santos/esp5.1.2/.espressif/tools/xtensa-esp32s3-elf/esp-12.2.0_20230208/xtensa-esp32s3-elf/bin/../libexec/gcc/:/home/santos/esp5.1.2/.espressif/tools/xtensa-esp32s3-elf/esp-12.2.0_20230208/xtensa-esp32s3-elf/bin/../lib/gcc/xtensa-esp32s3-elf/12.2.0/../../../../xtensa-esp32s3-elf/bin/]
  ignore line: [LIBRARY_PATH=/home/santos/esp5.1.2/.espressif/tools/xtensa-esp32s3-elf/esp-12.2.0_20230208/xtensa-esp32s3-elf/bin/../lib/gcc/xtensa-esp32s3-elf/12.2.0/:/home/santos/esp5.1.2/.espressif/tools/xtensa-esp32s3-elf/esp-12.2.0_20230208/xtensa-esp32s3-elf/bin/../lib/gcc/:/home/santos/esp5.1.2/.espressif/tools/xtensa-esp32s3-elf/esp-12.2.0_20230208/xtensa-esp32s3-elf/bin/../lib/gcc/xtensa-esp32s3-elf/12.2.0/../../../../xtensa-esp32s3-elf/lib/]
  ignore line: [COLLECT_GCC_OPTIONS='-mlongcalls' '-v' '-o' 'cmTC_d3eae' '-dumpdir' 'cmTC_d3eae.']
  link line: [ /home/santos/esp5.1.2/.espressif/tools/xtensa-esp32s3-elf/esp-12.2.0_20230208/xtensa-esp32s3-elf/bin/../libexec/gcc/xtensa-esp32s3-elf/12.2.0/collect2 -plugin /home/santos/esp5.1.2/.espressif/tools/xtensa-esp32s3-elf/esp-12.2.0_20230208/xtensa-esp32s3-elf/bin/../libexec/gcc/xtensa-esp32s3-elf/12.2.0/liblto_plugin.so -plugin-opt=/home/santos/esp5.1.2/.espressif/tools/xtensa-esp32s3-elf/esp-12.2.0_20230208/xtensa-esp32s3-elf/bin/../libexec/gcc/xtensa-esp32s3-elf/12.2.0/lto-wrapper -plugin-opt=-fresolution=/tmp/ccwQJQZD.res -plugin-opt=-pass-through=-lgcc -plugin-opt=-pass-through=-lc -plugin-opt=-pass-through=-lnosys -plugin-opt=-pass-through=-lc -plugin-opt=-pass-through=-lgcc -o cmTC_d3eae /home/santos/esp5.1.2/.espressif/tools/xtensa-esp32s3-elf/esp-12.2.0_20230208/xtensa-esp32s3-elf/bin/../lib/gcc/xtensa-esp32s3-elf/12.2.0/../../../../xtensa-esp32s3-elf/lib/crt0.o /home/santos/esp5.1.2/.espressif/tools/xtensa-esp32s3-elf/esp-12.2.0_20230208/xtensa-esp32s3-elf/bin/../lib/gcc/xtensa-esp32s3-elf/12.2.0/crti.o /home/santos/esp5.1.2/.espressif/tools/xtensa-esp32s3-elf/esp-12.2.0_20230208/xtensa-esp32s3-elf/bin/../lib/gcc/xtensa-esp32s3-elf/12.2.0/crtbegin.o -L/home/santos/esp5.1.2/.espressif/tools/xtensa-esp32s3-elf/esp-12.2.0_20230208/xtensa-esp32s3-elf/bin/../lib/gcc/xtensa-esp32s3-elf/12.2.0 -L/home/santos/esp5.1.2/.espressif/tools/xtensa-esp32s3-elf/esp-12.2.0_20230208/xtensa-esp32s3-elf/bin/../lib/gcc -L/home/santos/esp5.1.2/.espressif/tools/xtensa-esp32s3-elf/esp-12.2.0_20230208/xtensa-esp32s3-elf/bin/../lib/gcc/xtensa-esp32s3-elf/12.2.0/../../../../xtensa-esp32s3-elf/lib CMakeFiles/cmTC_d3eae.dir/CMakeCXXCompilerABI.cpp.obj -lstdc++ -lm -lgcc -lc -lnosys -lc -lgcc /home/santos/esp5.1.2/.espressif/tools/xtensa-esp32s3-elf/esp-12.2.0_20230208/xtensa-esp32s3-elf/bin/../lib/gcc/xtensa-esp32s3-elf/12.2.0/crtend.o /home/santos/esp5.1.2/.espressif/tools/xtensa-esp32s3-elf/esp-12.2.0_20230208/xtensa-esp32s3-elf/bin/../lib/gcc/xtensa-esp32s3-elf/12.2.0/crtn.o]
    arg [/home/santos/esp5.1.2/.espressif/tools/xtensa-esp32s3-elf/esp-12.2.0_20230208/xtensa-esp32s3-elf/bin/../libexec/gcc/xtensa-esp32s3-elf/12.2.0/collect2] ==> ignore
    arg [-plugin] ==> ignore
    arg [/home/santos/esp5.1.2/.espressif/tools/xtensa-esp32s3-elf/esp-12.2.0_20230208/xtensa-esp32s3-elf/bin/../libexec/gcc/xtensa-esp32s3-elf/12.2.0/liblto_plugin.so] ==> ignore
    arg [-plugin-opt=/home/santos/esp5.1.2/.espressif/tools/xtensa-esp32s3-elf/esp-12.2.0_20230208/xtensa-esp32s3-elf/bin/../libexec/gcc/xtensa-esp32s3-elf/12.2.0/lto-wrapper] ==> ignore
    arg [-plugin-opt=-fresolution=/tmp/ccwQJQZD.res] ==> ignore
    arg [-plugin-opt=-pass-through=-lgcc] ==> ignore
    arg [-plugin-opt=-pass-through=-lc] ==> ignore
    arg [-plugin-opt=-pass-through=-lnosys] ==> ignore
    arg [-plugin-opt=-pass-through=-lc] ==> ignore
    arg [-plugin-opt=-pass-through=-lgcc] ==> ignore
    arg [-o] ==> ignore
    arg [cmTC_d3eae] ==> ignore
    arg [/home/santos/esp5.1.2/.espressif/tools/xtensa-esp32s3-elf/esp-12.2.0_20230208/xtensa-esp32s3-elf/bin/../lib/gcc/xtensa-esp32s3-elf/12.2.0/../../../../xtensa-esp32s3-elf/lib/crt0.o] ==> obj [/home/santos/esp5.1.2/.espressif/tools/xtensa-esp32s3-elf/esp-12.2.0_20230208/xtensa-esp32s3-elf/bin/../lib/gcc/xtensa-esp32s3-elf/12.2.0/../../../../xtensa-esp32s3-elf/lib/crt0.o]
    arg [/home/santos/esp5.1.2/.espressif/tools/xtensa-esp32s3-elf/esp-12.2.0_20230208/xtensa-esp32s3-elf/bin/../lib/gcc/xtensa-esp32s3-elf/12.2.0/crti.o] ==> obj [/home/santos/esp5.1.2/.espressif/tools/xtensa-esp32s3-elf/esp-12.2.0_20230208/xtensa-esp32s3-elf/bin/../lib/gcc/xtensa-esp32s3-elf/12.2.0/crti.o]
    arg [/home/santos/esp5.1.2/.espressif/tools/xtensa-esp32s3-elf/esp-12.2.0_20230208/xtensa-esp32s3-elf/bin/../lib/gcc/xtensa-esp32s3-elf/12.2.0/crtbegin.o] ==> obj [/home/santos/esp5.1.2/.espressif/tools/xtensa-esp32s3-elf/esp-12.2.0_20230208/xtensa-esp32s3-elf/bin/../lib/gcc/xtensa-esp32s3-elf/12.2.0/crtbegin.o]
    arg [-L/home/santos/esp5.1.2/.espressif/tools/xtensa-esp32s3-elf/esp-12.2.0_20230208/xtensa-esp32s3-elf/bin/../lib/gcc/xtensa-esp32s3-elf/12.2.0] ==> dir [/home/santos/esp5.1.2/.espressif/tools/xtensa-esp32s3-elf/esp-12.2.0_20230208/xtensa-esp32s3-elf/bin/../lib/gcc/xtensa-esp32s3-elf/12.2.0]
    arg [-L/home/santos/esp5.1.2/.espressif/tools/xtensa-esp32s3-elf/esp-12.2.0_20230208/xtensa-esp32s3-elf/bin/../lib/gcc] ==> dir [/home/santos/esp5.1.2/.espressif/tools/xtensa-esp32s3-elf/esp-12.2.0_20230208/xtensa-esp32s3-elf/bin/../lib/gcc]
    arg [-L/home/santos/esp5.1.2/.espressif/tools/xtensa-esp32s3-elf/esp-12.2.0_20230208/xtensa-esp32s3-elf/bin/../lib/gcc/xtensa-esp32s3-elf/12.2.0/../../../../xtensa-esp32s3-elf/lib] ==> dir [/home/santos/esp5.1.2/.espressif/tools/xtensa-esp32s3-elf/esp-12.2.0_20230208/xtensa-esp32s3-elf/bin/../lib/gcc/xtensa-esp32s3-elf/12.2.0/../../../../xtensa-esp32s3-elf/lib]
    arg [CMakeFiles/cmTC_d3eae.dir/CMakeCXXCompilerABI.cpp.obj] ==> ignore
    arg [-lstdc++] ==> lib [stdc++]
    arg [-lm] ==> lib [m]
    arg [-lgcc] ==> lib [gcc]
    arg [-lc] ==> lib [c]
    arg [-lnosys] ==> lib [nosys]
    arg [-lc] ==> lib [c]
    arg [-lgcc] ==> lib [gcc]
    arg [/home/santos/esp5.1.2/.espressif/tools/xtensa-esp32s3-elf/esp-12.2.0_20230208/xtensa-esp32s3-elf/bin/../lib/gcc/xtensa-esp32s3-elf/12.2.0/crtend.o] ==> obj [/home/santos/esp5.1.2/.espressif/tools/xtensa-esp32s3-elf/esp-12.2.0_20230208/xtensa-esp32s3-elf/bin/../lib/gcc/xtensa-esp32s3-elf/12.2.0/crtend.o]
    arg [/home/santos/esp5.1.2/.espressif/tools/xtensa-esp32s3-elf/esp-12.2.0_20230208/xtensa-esp32s3-elf/bin/../lib/gcc/xtensa-esp32s3-elf/12.2.0/crtn.o] ==> obj [/home/santos/esp5.1.2/.espressif/tools/xtensa-esp32s3-elf/esp-12.2.0_20230208/xtensa-esp32s3-elf/bin/../lib/gcc/xtensa-esp32s3-elf/12.2.0/crtn.o]
  collapse obj [/home/santos/esp5.1.2/.espressif/tools/xtensa-esp32s3-elf/esp-12.2.0_20230208/xtensa-esp32s3-elf/bin/../lib/gcc/xtensa-esp32s3-elf/12.2.0/../../../../xtensa-esp32s3-elf/lib/crt0.o] ==> [/home/santos/esp5.1.2/.espressif/tools/xtensa-esp32s3-elf/esp-12.2.0_20230208/xtensa-esp32s3-elf/xtensa-esp32s3-elf/lib/crt0.o]
  collapse obj [/home/santos/esp5.1.2/.espressif/tools/xtensa-esp32s3-elf/esp-12.2.0_20230208/xtensa-esp32s3-elf/bin/../lib/gcc/xtensa-esp32s3-elf/12.2.0/crti.o] ==> [/home/santos/esp5.1.2/.espressif/tools/xtensa-esp32s3-elf/esp-12.2.0_20230208/xtensa-esp32s3-elf/lib/gcc/xtensa-esp32s3-elf/12.2.0/crti.o]
  collapse obj [/home/santos/esp5.1.2/.espressif/tools/xtensa-esp32s3-elf/esp-12.2.0_20230208/xtensa-esp32s3-elf/bin/../lib/gcc/xtensa-esp32s3-elf/12.2.0/crtbegin.o] ==> [/home/santos/esp5.1.2/.espressif/tools/xtensa-esp32s3-elf/esp-12.2.0_20230208/xtensa-esp32s3-elf/lib/gcc/xtensa-esp32s3-elf/12.2.0/crtbegin.o]
  collapse obj [/home/santos/esp5.1.2/.espressif/tools/xtensa-esp32s3-elf/esp-12.2.0_20230208/xtensa-esp32s3-elf/bin/../lib/gcc/xtensa-esp32s3-elf/12.2.0/crtend.o] ==> [/home/santos/esp5.1.2/.espressif/tools/xtensa-esp32s3-elf/esp-12.2.0_20230208/xtensa-esp32s3-elf/lib/gcc/xtensa-esp32s3-elf/12.2.0/crtend.o]
  collapse obj [/home/santos/esp5.1.2/.espressif/tools/xtensa-esp32s3-elf/esp-12.2.0_20230208/xtensa-esp32s3-elf/bin/../lib/gcc/xtensa-esp32s3-elf/12.2.0/crtn.o] ==> [/home/santos/esp5.1.2/.espressif/tools/xtensa-esp32s3-elf/esp-12.2.0_20230208/xtensa-esp32s3-elf/lib/gcc/xtensa-esp32s3-elf/12.2.0/crtn.o]
  collapse library dir [/home/santos/esp5.1.2/.espressif/tools/xtensa-esp32s3-elf/esp-12.2.0_20230208/xtensa-esp32s3-elf/bin/../lib/gcc/xtensa-esp32s3-elf/12.2.0] ==> [/home/santos/esp5.1.2/.espressif/tools/xtensa-esp32s3-elf/esp-12.2.0_20230208/xtensa-esp32s3-elf/lib/gcc/xtensa-esp32s3-elf/12.2.0]
  collapse library dir [/home/santos/esp5.1.2/.espressif/tools/xtensa-esp32s3-elf/esp-12.2.0_20230208/xtensa-esp32s3-elf/bin/../lib/gcc] ==> [/home/santos/esp5.1.2/.espressif/tools/xtensa-esp32s3-elf/esp-12.2.0_20230208/xtensa-esp32s3-elf/lib/gcc]
  collapse library dir [/home/santos/esp5.1.2/.espressif/tools/xtensa-esp32s3-elf/esp-12.2.0_20230208/xtensa-esp32s3-elf/bin/../lib/gcc/xtensa-esp32s3-elf/12.2.0/../../../../xtensa-esp32s3-elf/lib] ==> [/home/santos/esp5.1.2/.espressif/tools/xtensa-esp32s3-elf/esp-12.2.0_20230208/xtensa-esp32s3-elf/xtensa-esp32s3-elf/lib]
  implicit libs: [stdc++;m;gcc;c;nosys;c;gcc]
  implicit objs: [/home/santos/esp5.1.2/.espressif/tools/xtensa-esp32s3-elf/esp-12.2.0_20230208/xtensa-esp32s3-elf/xtensa-esp32s3-elf/lib/crt0.o;/home/santos/esp5.1.2/.espressif/tools/xtensa-esp32s3-elf/esp-12.2.0_20230208/xtensa-esp32s3-elf/lib/gcc/xtensa-esp32s3-elf/12.2.0/crti.o;/home/santos/esp5.1.2/.espressif/tools/xtensa-esp32s3-elf/esp-12.2.0_20230208/xtensa-esp32s3-elf/lib/gcc/xtensa-esp32s3-elf/12.2.0/crtbegin.o;/home/santos/esp5.1.2/.espressif/tools/xtensa-esp32s3-elf/esp-12.2.0_20230208/xtensa-esp32s3-elf/lib/gcc/xtensa-esp32s3-elf/12.2.0/crtend.o;/home/santos/esp5.1.2/.espressif/tools/xtensa-esp32s3-elf/esp-12.2.0_20230208/xtensa-esp32s3-elf/lib/gcc/xtensa-esp32s3-elf/12.2.0/crtn.o]
  implicit dirs: [/home/santos/esp5.1.2/.espressif/tools/xtensa-esp32s3-elf/esp-12.2.0_20230208/xtensa-esp32s3-elf/lib/gcc/xtensa-esp32s3-elf/12.2.0;/home/santos/esp5.1.2/.espressif/tools/xtensa-esp32s3-elf/esp-12.2.0_20230208/xtensa-esp32s3-elf/lib/gcc;/home/santos/esp5.1.2/.espressif/tools/xtensa-esp32s3-elf/esp-12.2.0_20230208/xtensa-esp32s3-elf/xtensa-esp32s3-elf/lib]
  implicit fwks: []


Determining if the include file sys/types.h exists passed with the following output:
Change Dir: /home/santos/Documents/stlab/esp32s3/build/bootloader/CMakeFiles/CMakeTmp

Run Build Command(s):/usr/bin/gmake -f Makefile cmTC_f9f23/fast && gmake[3]: Entering directory '/home/santos/Documents/stlab/esp32s3/build/bootloader/CMakeFiles/CMakeTmp'
/usr/bin/gmake  -f CMakeFiles/cmTC_f9f23.dir/build.make CMakeFiles/cmTC_f9f23.dir/build
gmake[4]: Entering directory '/home/santos/Documents/stlab/esp32s3/build/bootloader/CMakeFiles/CMakeTmp'
Building C object CMakeFiles/cmTC_f9f23.dir/CheckIncludeFile.c.obj
/home/santos/esp5.1.2/.espressif/tools/xtensa-esp32s3-elf/esp-12.2.0_20230208/xtensa-esp32s3-elf/bin/xtensa-esp32s3-elf-gcc   -mlongcalls   -o CMakeFiles/cmTC_f9f23.dir/CheckIncludeFile.c.obj -c /home/santos/Documents/stlab/esp32s3/build/bootloader/CMakeFiles/CMakeTmp/CheckIncludeFile.c
Linking C executable cmTC_f9f23
/usr/bin/cmake -E cmake_link_script CMakeFiles/cmTC_f9f23.dir/link.txt --verbose=1
/home/santos/esp5.1.2/.espressif/tools/xtensa-esp32s3-elf/esp-12.2.0_20230208/xtensa-esp32s3-elf/bin/xtensa-esp32s3-elf-gcc -mlongcalls   CMakeFiles/cmTC_f9f23.dir/CheckIncludeFile.c.obj -o cmTC_f9f23 
gmake[4]: Leaving directory '/home/santos/Documents/stlab/esp32s3/build/bootloader/CMakeFiles/CMakeTmp'
gmake[3]: Leaving directory '/home/santos/Documents/stlab/esp32s3/build/bootloader/CMakeFiles/CMakeTmp'



Determining if the include file stdint.h exists passed with the following output:
Change Dir: /home/santos/Documents/stlab/esp32s3/build/bootloader/CMakeFiles/CMakeTmp

Run Build Command(s):/usr/bin/gmake -f Makefile cmTC_0d9fe/fast && gmake[3]: Entering directory '/home/santos/Documents/stlab/esp32s3/build/bootloader/CMakeFiles/CMakeTmp'
/usr/bin/gmake  -f CMakeFiles/cmTC_0d9fe.dir/build.make CMakeFiles/cmTC_0d9fe.dir/build
gmake[4]: Entering directory '/home/santos/Documents/stlab/esp32s3/build/bootloader/CMakeFiles/CMakeTmp'
Building C object CMakeFiles/cmTC_0d9fe.dir/CheckIncludeFile.c.obj
/home/santos/esp5.1.2/.espressif/tools/xtensa-esp32s3-elf/esp-12.2.0_20230208/xtensa-esp32s3-elf/bin/xtensa-esp32s3-elf-gcc   -mlongcalls   -o CMakeFiles/cmTC_0d9fe.dir/CheckIncludeFile.c.obj -c /home/santos/Documents/stlab/esp32s3/build/bootloader/CMakeFiles/CMakeTmp/CheckIncludeFile.c
Linking C executable cmTC_0d9fe
/usr/bin/cmake -E cmake_link_script CMakeFiles/cmTC_0d9fe.dir/link.txt --verbose=1
/home/santos/esp5.1.2/.espressif/tools/xtensa-esp32s3-elf/esp-12.2.0_20230208/xtensa-esp32s3-elf/bin/xtensa-esp32s3-elf-gcc -mlongcalls   CMakeFiles/cmTC_0d9fe.dir/CheckIncludeFile.c.obj -o cmTC_0d9fe 
gmake[4]: Leaving directory '/home/santos/Documents/stlab/esp32s3/build/bootloader/CMakeFiles/CMakeTmp'
gmake[3]: Leaving directory '/home/santos/Documents/stlab/esp32s3/build/bootloader/CMakeFiles/CMakeTmp'



Determining if the include file stddef.h exists passed with the following output:
Change Dir: /home/santos/Documents/stlab/esp32s3/build/bootloader/CMakeFiles/CMakeTmp

Run Build Command(s):/usr/bin/gmake -f Makefile cmTC_ca486/fast && gmake[3]: Entering directory '/home/santos/Documents/stlab/esp32s3/build/bootloader/CMakeFiles/CMakeTmp'
/usr/bin/gmake  -f CMakeFiles/cmTC_ca486.dir/build.make CMakeFiles/cmTC_ca486.dir/build
gmake[4]: Entering directory '/home/santos/Documents/stlab/esp32s3/build/bootloader/CMakeFiles/CMakeTmp'
Building C object CMakeFiles/cmTC_ca486.dir/CheckIncludeFile.c.obj
/home/santos/esp5.1.2/.espressif/tools/xtensa-esp32s3-elf/esp-12.2.0_20230208/xtensa-esp32s3-elf/bin/xtensa-esp32s3-elf-gcc   -mlongcalls   -o CMakeFiles/cmTC_ca486.dir/CheckIncludeFile.c.obj -c /home/santos/Documents/stlab/esp32s3/build/bootloader/CMakeFiles/CMakeTmp/CheckIncludeFile.c
Linking C executable cmTC_ca486
/usr/bin/cmake -E cmake_link_script CMakeFiles/cmTC_ca486.dir/link.txt --verbose=1
/home/santos/esp5.1.2/.espressif/tools/xtensa-esp32s3-elf/esp-12.2.0_20230208/xtensa-esp32s3-elf/bin/xtensa-esp32s3-elf-gcc -mlongcalls   CMakeFiles/cmTC_ca486.dir/CheckIncludeFile.c.obj -o cmTC_ca486 
gmake[4]: Leaving directory '/home/santos/Documents/stlab/esp32s3/build/bootloader/CMakeFiles/CMakeTmp'
gmake[3]: Leaving directory '/home/santos/Documents/stlab/esp32s3/build/bootloader/CMakeFiles/CMakeTmp'



Determining size of time_t passed with the following output:
Change Dir: /home/santos/Documents/stlab/esp32s3/build/bootloader/CMakeFiles/CMakeTmp

Run Build Command(s):/usr/bin/gmake -f Makefile cmTC_76d39/fast && gmake[3]: Entering directory '/home/santos/Documents/stlab/esp32s3/build/bootloader/CMakeFiles/CMakeTmp'
/usr/bin/gmake  -f CMakeFiles/cmTC_76d39.dir/build.make CMakeFiles/cmTC_76d39.dir/build
gmake[4]: Entering directory '/home/santos/Documents/stlab/esp32s3/build/bootloader/CMakeFiles/CMakeTmp'
Building C object CMakeFiles/cmTC_76d39.dir/TIME_T_SIZE.c.obj
/home/santos/esp5.1.2/.espressif/tools/xtensa-esp32s3-elf/esp-12.2.0_20230208/xtensa-esp32s3-elf/bin/xtensa-esp32s3-elf-gcc   -mlongcalls   -o CMakeFiles/cmTC_76d39.dir/TIME_T_SIZE.c.obj -c /home/santos/Documents/stlab/esp32s3/build/bootloader/CMakeFiles/CheckTypeSize/TIME_T_SIZE.c
Linking C executable cmTC_76d39
/usr/bin/cmake -E cmake_link_script CMakeFiles/cmTC_76d39.dir/link.txt --verbose=1
/home/santos/esp5.1.2/.espressif/tools/xtensa-esp32s3-elf/esp-12.2.0_20230208/xtensa-esp32s3-elf/bin/xtensa-esp32s3-elf-gcc -mlongcalls   CMakeFiles/cmTC_76d39.dir/TIME_T_SIZE.c.obj -o cmTC_76d39 
gmake[4]: Leaving directory '/home/santos/Documents/stlab/esp32s3/build/bootloader/CMakeFiles/CMakeTmp'
gmake[3]: Leaving directory '/home/santos/Documents/stlab/esp32s3/build/bootloader/CMakeFiles/CMakeTmp'



